"../../../../../../Users/ibrah/Documents/GitHub/HaloReach/Content/UI/HUD/GM/WBP_GamemodeWidget.uasset" 0
"../../../../../../Users/ibrah/Documents/GitHub/HaloReach/Content/UI/MainMenu/T_CustomGame.uasset" 1
"../../../../../../Users/ibrah/Documents/GitHub/HaloReach/Content/UI/ShieldBar_Images/Right.uasset" 2
"../../../../../../Users/ibrah/Documents/GitHub/HaloReach/Content/UI/ShieldBar_Images/T_ShieldsLeft_Warning.uasset" 3
"../../../../../../Users/ibrah/Documents/GitHub/HaloReach/Content/UI/ShieldBar_Images/T_ShieldsRight_Warning.uasset" 4
"../../../../../../Users/ibrah/Documents/GitHub/HaloReach/Content/UI/Timer/WBP_BaseTimer.uasset" 5
"../../../../../../Users/ibrah/Documents/GitHub/HaloReach/Content/UI/Timer/WBP_GamemodeTimer.uasset" 6
"../../../../../../Users/ibrah/Documents/GitHub/HaloReach/Content/UI/Weapon_Icons/T_EnergySword_Icon.uasset" 7
"../../../../../../Users/ibrah/Documents/GitHub/HaloReach/Content/UI/Weapon_Icons/T_GravPistol_Icon.uasset" 8
"../../../../../../Users/ibrah/Documents/GitHub/HaloReach/Content/UI/Weapon_Icons/T_Magnum_Icon.uasset" 9
"../../../../../../Users/ibrah/Documents/GitHub/HaloReach/Content/UI/Weapon_Icons/T_Magnum_Icon__2_.uasset" 10
"../../../../../../Users/ibrah/Documents/GitHub/HaloReach/Content/UI/Weapon_Icons/T_Needler_Icon.uasset" 11
"../../../../../../Users/ibrah/Documents/GitHub/HaloReach/Content/UI/Weapon_Icons/T_Rocket_Icon.uasset" 12
"../../../../../../Users/ibrah/Documents/GitHub/HaloReach/Content/UI/Weapon_Icons/T_Shotgun_Icon.uasset" 13
"../../../../../../Users/ibrah/Documents/GitHub/HaloReach/Content/UI/Weapon_Icons/T_Sniper_Icon.uasset" 14
"../../../../../../Users/ibrah/Documents/GitHub/HaloReach/Content/UI/Weapon_Icons/Icons/Assault_Rifle.uasset" 15
"../../../../../../Users/ibrah/Documents/GitHub/HaloReach/Content/UI/Weapon_Icons/Icons/DMR.uasset" 16
"../../../../../../Users/ibrah/Documents/GitHub/HaloReach/Content/UI/Weapon_Icons/Icons/Energy_Sword.uasset" 17
"../../../../../../Users/ibrah/Documents/GitHub/HaloReach/Content/UI/Weapon_Icons/Icons/Focus_Rifle.uasset" 18
"../../../../../../Users/ibrah/Documents/GitHub/HaloReach/Content/UI/Weapon_Icons/Icons/Fuel_Rod_Cannon.uasset" 19
"../../../../../../Users/ibrah/Documents/GitHub/HaloReach/Content/UI/Weapon_Icons/Icons/Gravity_Hammer.uasset" 20
"../../../../../../Users/ibrah/Documents/GitHub/HaloReach/Content/UI/Weapon_Icons/Icons/Grenade_Launcher.uasset" 21
"../../../../../../Users/ibrah/Documents/GitHub/HaloReach/Content/UI/Weapon_Icons/Icons/Magnum.uasset" 22
"../../../../../../Users/ibrah/Documents/GitHub/HaloReach/Content/UI/Weapon_Icons/Icons/Needler.uasset" 23
"../../../../../../Users/ibrah/Documents/GitHub/HaloReach/Content/UI/Weapon_Icons/Icons/Needle_Rifle.uasset" 24
"../../../../../../Users/ibrah/Documents/GitHub/HaloReach/Content/UI/Weapon_Icons/Icons/Plasma_Launcher.uasset" 25
"../../../../../../Users/ibrah/Documents/GitHub/HaloReach/Content/UI/Weapon_Icons/Icons/Plasma_Repeater.uasset" 26
"../../../../../../Users/ibrah/Documents/GitHub/HaloReach/Content/UI/Weapon_Icons/Icons/Rocket_Launcher.uasset" 27
"../../../../../../Users/ibrah/Documents/GitHub/HaloReach/Content/UI/Weapon_Icons/Icons/Shotgun.uasset" 28
"../../../../../../Users/ibrah/Documents/GitHub/HaloReach/Content/UI/Weapon_Icons/Icons/Sniper_Rifle.uasset" 29
"../../../../../../Users/ibrah/Documents/GitHub/HaloReach/Content/UI/Weapon_Icons/Icons/Spartan_Laser.uasset" 30
"../../../../../../Users/ibrah/Documents/GitHub/HaloReach/Content/UI/Weapon_Icons/Icons/Spiker.uasset" 31
"../../../Engine/Content/EngineMaterials/T_Default_Material_Grid_N.uasset" 32
"../../../Engine/Content/EngineMaterials/T_Default_Material_Grid_M.uasset" 33
"../../../Engine/Content/Functions/Engine_MaterialFunctions01/Opacity/CameraDepthFade.uasset" 34
"../../../Engine/Content/EngineMaterials/WorldGridMaterial.uasset" 35
"../../../Engine/Content/ArtTools/RenderToTexture/Meshes/S_1_Unit_Plane.uasset" 36
"../../../Engine/Content/EngineMaterials/DefaultMaterial.uasset" 37
"../../../Engine/Content/BasicShapes/Cone.uasset" 38
"../../../Engine/Content/BasicShapes/Plane.uasset" 39
"../../../Engine/Content/BasicShapes/Sphere.uasset" 40
"../../../Engine/Content/EditorLandscapeResources/DataLayer.uasset" 41
"../../../Engine/Content/EditorLandscapeResources/DefaultAlphaTexture.uasset" 42
"../../../Engine/Content/EditorMaterials/MAT_Groups_Toggle.uasset" 43
"../../../Engine/Content/EditorMaterials/MAT_Groups_Visibility.uasset" 44
"../../../Engine/Content/EditorMaterials/PreviewShadowIndicator.uasset" 45
"../../../Engine/Content/EditorMaterials/PreviewShadowIndicatorMaterial.uasset" 46
"../../../Engine/Content/EditorMaterials/MatineeGroups/MAT_ColorTrack.uasset" 47
"../../../Engine/Content/EditorMaterials/MatineeGroups/MAT_Groups_Anim.uasset" 48
"../../../Engine/Content/EditorMaterials/MatineeGroups/MAT_Groups_AudioMaster.uasset" 49
"../../../Engine/Content/EditorMaterials/MatineeGroups/MAT_Groups_Director.uasset" 50
"../../../Engine/Content/EditorMaterials/MatineeGroups/MAT_Groups_Event.uasset" 51
"../../../Engine/Content/EditorMaterials/MatineeGroups/MAT_Groups_Fade.uasset" 52
"../../../Engine/Content/EditorMaterials/MatineeGroups/MAT_Groups_Float.uasset" 53
"../../../Engine/Content/EditorMaterials/MatineeGroups/MAT_Groups_Move.uasset" 54
"../../../Engine/Content/EditorMaterials/MatineeGroups/MAT_Groups_Slomo.uasset" 55
"../../../Engine/Content/EditorMaterials/MatineeGroups/MAT_Groups_Sound.uasset" 56
"../../../Engine/Content/EditorMaterials/MatineeGroups/MAT_Groups_Vector.uasset" 57
"../../../Engine/Content/EditorMaterials/ParticleSystems/PSysThumbnail_NoImage.uasset" 58
"../../../Engine/Content/EditorMaterials/ParticleSystems/PSysThumbnail_OOD.uasset" 59
"../../../Engine/Content/EditorMaterials/Camera/CineMat.uasset" 60
"../../../Engine/Content/EditorMaterials/Camera/MI_CineMat_Rig.uasset" 61
"../../../Engine/Content/EditorMeshes/Camera/SM_CraneRig_Arm.uasset" 62
"../../../Engine/Content/EditorMeshes/Camera/SM_CraneRig_Base.uasset" 63
"../../../Engine/Content/EditorMeshes/Camera/SM_CraneRig_Body.uasset" 64
"../../../Engine/Content/EditorMeshes/Camera/SM_CraneRig_Mount.uasset" 65
"../../../Engine/Content/EditorMeshes/Camera/SM_RailRig_Mount.uasset" 66
"../../../Engine/Content/EditorMeshes/Camera/SM_RailRig_Track.uasset" 67
"../../../Engine/Content/EditorResources/BSPVertex.uasset" 68
"../../../Engine/Content/EditorResources/EmptyActor.uasset" 69
"../../../Engine/Content/EditorResources/S_Actor.uasset" 70
"../../../Engine/Content/EditorResources/S_Note.uasset" 71
"../../../Engine/Content/EditorResources/S_Solver.uasset" 72
"../../../Engine/Content/EditorResources/S_Terrain.uasset" 73
"../../../Engine/Content/EditorResources/S_Trigger.uasset" 74
"../../../Engine/Content/EditorResources/LightIcons/S_LightError.uasset" 75
"../../../Engine/Content/EditorResources/SequenceRecorder/Countdown.uasset" 76
"../../../Engine/Content/EditorResources/SequenceRecorder/RecordingIndicator.uasset" 77
"../../../Engine/Content/EngineDamageTypes/DmgTypeBP_Environmental.uasset" 78
"../../../Engine/Content/EngineDebugMaterials/DebugEditorMaterial.uasset" 79
"../../../Engine/Content/EngineDebugMaterials/DebugMeshMaterial.uasset" 80
"../../../Engine/Content/EngineDebugMaterials/M_SimpleUnlitTranslucent.uasset" 81
"../../../Engine/Content/Functions/Engine_MaterialFunctions02/Utility/CameraDirectionVector.uasset" 82
"../../../Engine/Content/EngineDebugMaterials/VolumeToRender.uasset" 83
"../../../Engine/Content/EngineDebugMaterials/M_VolumeRenderSphereTracePP.uasset" 84
"../../../Engine/Content/Functions/Engine_MaterialFunctions01/Shading/ConvertFromDiffSpec.uasset" 85
"../../../Engine/Content/EngineDebugMaterials/VertexColorMaterial.uasset" 86
"../../../Engine/Content/EngineDebugMaterials/WireframeMaterial.uasset" 87
"../../../Engine/Content/EngineFonts/Faces/DroidSansFallback.uasset" 88
"../../../Engine/Content/EngineFonts/Faces/RobotoRegular.uasset" 89
"../../../Engine/Content/EngineFonts/Faces/RobotoLight.uasset" 90
"../../../Engine/Content/EngineFonts/Faces/RobotoItalic.uasset" 91
"../../../Engine/Content/EngineFonts/Faces/RobotoBoldItalic.uasset" 92
"../../../Engine/Content/EngineFonts/Faces/RobotoBold.uasset" 93
"../../../Engine/Content/EngineFonts/Roboto.uasset" 94
"../../../Engine/Content/EngineMaterials/BaseFlattenNormalMap.uasset" 95
"../../../Engine/Content/EngineMaterials/BaseFlattenGrayscaleMap.uasset" 96
"../../../Engine/Content/EngineMaterials/BaseFlattenEmissiveMap.uasset" 97
"../../../Engine/Content/EngineMaterials/BaseFlattenDiffuseMap.uasset" 98
"../../../Engine/Content/EngineMaterials/BaseFlattenMaterial.uasset" 99
"../../../Engine/Content/EngineMaterials/BlueNoise.uasset" 100
"../../../Engine/Content/EngineMaterials/DefaultBloomKernel.uasset" 101
"../../../Engine/Content/EngineMaterials/DefaultBokeh.uasset" 102
"../../../Engine/Content/EngineMaterials/DefaultDiffuse.uasset" 103
"../../../Engine/Content/EngineMaterials/DefaultDeferredDecalMaterial.uasset" 104
"../../../Engine/Content/EngineMaterials/DefaultLightFunctionMaterial.uasset" 105
"../../../Engine/Content/EngineMaterials/DefaultPhysicalMaterial.uasset" 106
"../../../Engine/Content/Functions/Engine_MaterialFunctions02/Utility/BreakOutFloat2Components.uasset" 107
"../../../Engine/Content/EngineMaterials/DefaultPostProcessMaterial.uasset" 108
"../../../Engine/Content/EngineFonts/RobotoDistanceField.uasset" 109
"../../../Engine/Content/EngineMaterials/DefaultTextMaterialOpaque.uasset" 110
"../../../Engine/Content/EngineMaterials/DefaultWhiteGrid.uasset" 111
"../../../Engine/Content/EngineMaterials/DefaultWhiteGrid_Low.uasset" 112
"../../../Engine/Content/EngineMaterials/EmissiveMeshMaterial.uasset" 113
"../../../Engine/Content/EngineMaterials/GizmoMaterial.uasset" 114
"../../../Engine/Content/EngineMaterials/Good64x64TilingNoiseHighFreq.uasset" 115
"../../../Engine/Content/EngineMaterials/MiniFont.uasset" 116
"../../../Engine/Content/EngineMaterials/InvalidLightmapSettings.uasset" 117
"../../../Engine/Content/EngineMaterials/M_InvalidLightmapSettings.uasset" 118
"../../../Engine/Content/Functions/Engine_MaterialFunctions02/WorldPositionOffset/CameraOffset.uasset" 119
"../../../Engine/Content/EngineMaterials/PhAT_JointLimitMaterial.uasset" 120
"../../../Engine/Content/EngineMaterials/PreintegratedSkinBRDF.uasset" 121
"../../../Engine/Content/EngineMaterials/RemoveSurfaceMaterial.uasset" 122
"../../../Engine/Content/EngineMaterials/WeightMapPlaceholderTexture.uasset" 123
"../../../Engine/Content/EngineResources/WhiteSquareTexture.uasset" 124
"../../../Engine/Content/EngineMaterials/Widget3DPassThrough.uasset" 125
"../../../Engine/Content/EngineMaterials/Widget3DPassThrough_Masked.uasset" 126
"../../../Engine/Content/EngineMaterials/Widget3DPassThrough_Opaque.uasset" 127
"../../../Engine/Content/EngineMaterials/Widget3DPassThrough_Masked_OneSided.uasset" 128
"../../../Engine/Content/EngineMaterials/Widget3DPassThrough_Opaque_OneSided.uasset" 129
"../../../Engine/Content/EngineMaterials/Widget3DPassThrough_Translucent.uasset" 130
"../../../Engine/Content/EngineMaterials/Widget3DPassThrough_Translucent_OneSided.uasset" 131
"../../../Engine/Content/EngineMeshes/Cylinder.uasset" 132
"../../../Engine/Content/EngineMeshes/Sphere.uasset" 133
"../../../Engine/Content/EngineResources/Black.uasset" 134
"../../../Engine/Content/EngineResources/DefaultTextureCube.uasset" 135
"../../../Engine/Content/EngineResources/DefaultVolumeTexture2D.uasset" 136
"../../../Engine/Content/EngineResources/DefaultVolumeTexture.uasset" 137
"../../../Engine/Content/EngineResources/GradientTexture0.uasset" 138
"../../../Engine/Content/EngineSky/VolumetricClouds/T_NoiseShape64.uasset" 139
"../../../Engine/Content/EngineSky/VolumetricClouds/T_VolumeNoiseShape64.uasset" 140
"../../../Engine/Content/EngineSky/VolumetricClouds/T_NoiseErosion.uasset" 141
"../../../Engine/Content/EngineSky/VolumetricClouds/T_VolumeNoiseErosion32.uasset" 142
"../../../Engine/Content/Functions/Engine_MaterialFunctions02/Utility/MakeFloat2.uasset" 143
"../../../Engine/Content/EngineSky/VolumetricClouds/CloudWeatherTexture.uasset" 144
"../../../Engine/Content/EngineSky/VolumetricClouds/CloudGradientTexture.uasset" 145
"../../../Engine/Content/EngineSky/VolumetricClouds/m_SimpleVolumetricCloud.uasset" 146
"../../../Engine/Content/EngineSky/VolumetricClouds/m_SimpleVolumetricCloud_Inst.uasset" 147
"../../../Engine/Content/EngineSounds/Master.uasset" 148
"../../../Engine/Content/Functions/Engine_MaterialFunctions01/Shading/PowerToRoughness.uasset" 149
"../../../Engine/Content/Maps/Templates/Thumbnails/Default.uasset" 150
"../../../Engine/Content/Maps/Templates/Thumbnails/TimeOfDay.uasset" 151
"../../../Engine/Content/Maps/Templates/Thumbnails/VR-Basic.uasset" 152
"../../../Engine/Content/MobileResources/T_MobileControls_texture.uasset" 153
"../../../Engine/Content/MobileResources/T_MobileMenu2.uasset" 154
"../../../Engine/Content/MobileResources/HUD/AnalogHat.uasset" 155
"../../../Engine/Content/MobileResources/HUD/VirtualJoystick_Thumb.uasset" 156
"../../../Engine/Content/MobileResources/HUD/VirtualJoystick_Background.uasset" 157
"../../../Engine/Content/MobileResources/HUD/DefaultVirtualJoysticks.uasset" 158
"../../../Engine/Content/MobileResources/HUD/LeftVirtualJoystickOnly.uasset" 159
"../../../Engine/Content/MobileResources/HUD/MobileHUDButton1_off.uasset" 160
"../../../Engine/Content/MobileResources/HUD/MobileHUDButton1_on.uasset" 161
"../../../Engine/Content/MobileResources/HUD/MobileHUDButton2_off.uasset" 162
"../../../Engine/Content/MobileResources/HUD/MobileHUDButton2_on.uasset" 163
"../../../Engine/Content/MobileResources/HUD/MobileHUDButton3.uasset" 164
"../../../Engine/Content/MobileResources/HUD/MobileHUDButtonFire.uasset" 165
"../../../Engine/Content/MobileResources/HUD/MobileHUDDirectionPad.uasset" 166
"../../../Engine/Content/MobileResources/HUD/MobileHUDDirectionPad2.uasset" 167
"../../../Engine/Content/MobileResources/HUD/MobileHUDDirectionPad3.uasset" 168
"../../../Engine/Content/MobileResources/HUD/MobileHUDDirectionStick.uasset" 169
"../../../Engine/Content/MobileResources/HUD/T_Castle_ThumbstickInner.uasset" 170
"../../../Engine/Content/MobileResources/HUD/T_Castle_ThumbstickOutter.uasset" 171
"../../../Engine/Content/Tutorial/ContentIntroCurve.uasset" 172
"../../../Engine/Content/Tutorial/Basics/LevelEditorAttract.uasset" 173
"../../../Engine/Content/VREditor/TransformGizmo/TranslucentTransformGizmoMaterial.uasset" 174
"../../../Engine/Content/VREditor/LaserPointer/VR_LaserPower_01.uasset" 175
"../../../Engine/Content/VREditor/TransformGizmo/TransformGizmoMaterial.uasset" 176
"../../../Engine/Content/VREditor/TransformGizmo/BoundingBoxCorner.uasset" 177
"../../../Engine/Content/VREditor/TransformGizmo/BoundingBoxEdge.uasset" 178
"../../../Engine/Content/VREditor/TransformGizmo/PlaneTranslationHandle.uasset" 179
"../../../Engine/Content/VREditor/TransformGizmo/Xray.uasset" 180
"../../../Engine/Content/VREditor/TransformGizmo/Main.uasset" 181
"../../../Engine/Content/VREditor/TransformGizmo/SM_Sequencer_Key.uasset" 182
"../../../Engine/Content/VREditor/TransformGizmo/SM_Sequencer_Node.uasset" 183
"../../Plugins/2D/Paper2D/Content/PlaceholderTextures/DummySpriteTexture.uasset" 184
"../../Plugins/2D/Paper2D/Content/DummySprite.uasset" 185
"../../Plugins/2D/Paper2D/Content/DefaultPaperTerrainMaterial.uasset" 186
"../../Plugins/2D/Paper2D/Content/DefaultSpriteMaterial.uasset" 187
"../../Plugins/2D/Paper2D/Content/MaskedUnlitSpriteMaterial.uasset" 188
"../../Plugins/2D/Paper2D/Content/OpaqueUnlitSpriteMaterial.uasset" 189
"../../../Engine/Content/Functions/Engine_MaterialFunctions02/Utility/BreakOutFloat3Components.uasset" 190
"../../../Engine/Content/Functions/Engine_MaterialFunctions02/SafeNormalize.uasset" 191
"../../../Engine/Content/Functions/Engine_MaterialFunctions02/ObjectLocalBounds.uasset" 192
"../../Plugins/Editor/SpeedTreeImporter/Content/SpeedTree9/UnpackInteger3.uasset" 193
"../../Plugins/Editor/SpeedTreeImporter/Content/SpeedTree9/UnpackDirection.uasset" 194
"../../Plugins/Editor/SpeedTreeImporter/Content/SpeedTree9/game_wind_noise.uasset" 195
"../../Plugins/Editor/SpeedTreeImporter/Content/SpeedTree9/SpeedTreeWindMotion.uasset" 196
"../../Plugins/Editor/SpeedTreeImporter/Content/SpeedTree9/SpeedTreeBranchMotion.uasset" 197
"../../../Engine/Content/Functions/Engine_MaterialFunctions02/UVs/BoundingBoxBased_0-1_UVW.uasset" 198
"../../Plugins/Editor/SpeedTreeImporter/Content/SpeedTree9/SpeedTreeWind.uasset" 199
"../../Plugins/Editor/SpeedTreeImporter/Content/SpeedTree9/SpeedTreeBillboard.uasset" 200
"../../../Engine/Content/EngineResources/DefaultTexture.uasset" 201
"../../Plugins/Editor/SpeedTreeImporter/Content/SpeedTree9/SpeedTreeBillboardMaster.uasset" 202
"../../Plugins/Editor/SpeedTreeImporter/Content/SpeedTree9/SpeedTreeCameraFacing.uasset" 203
"../../Plugins/Editor/SpeedTreeImporter/Content/SpeedTree9/SpeedTreeMaster.uasset" 204
"../../../Engine/Content/BasicShapes/Cylinder.uasset" 205
"../../../Engine/Content/ArtTools/RenderToTexture/Materials/Debug/M_Emissive_Color.uasset" 206
"../../Plugins/Lumin/MagicLeapPassableWorld/Content/MagicLeapARPinInfoActor.uasset" 207
"../../../Engine/Content/Functions/Engine_MaterialFunctions02/Utility/MakeFloat3.uasset" 208
"../../../Engine/Content/Functions/Engine_MaterialFunctions02/Utility/BreakOutFloat4Components.uasset" 209
"../../Plugins/Runtime/Oculus/OculusVR/Content/Materials/OculusMR_ChromaKey.uasset" 210
"../../Plugins/Runtime/Oculus/OculusVR/Content/Materials/OculusMR_OpaqueColoredMaterial.uasset" 211
"../../Plugins/Runtime/Oculus/OculusVR/Content/Materials/PokeAHoleMaterial.uasset" 212
"../../../../../../Users/ibrah/Documents/GitHub/HaloReach/Content/Game/BP_ReachGameInstance.uasset" 213
"../../../../../../Users/ibrah/Documents/GitHub/HaloReach/Content/UI/MainMenu/WBP_ServerSlot.uasset" 214
"../../../../../../Users/ibrah/Documents/GitHub/HaloReach/Content/UI/MainMenu/Images/T_ServerBrowser.uasset" 215
"../../../../../../Users/ibrah/Documents/GitHub/HaloReach/Content/UI/MainMenu/Images/grenade.uasset" 216
"../../../Engine/Content/EditorBlueprintResources/StandardMacros.uasset" 217
"../../../../../../Users/ibrah/Documents/GitHub/HaloReach/Content/UI/MainMenu/WBP_ServerBrowser.uasset" 218
"../../../../../../Users/ibrah/Documents/GitHub/HaloReach/Content/UI/MainMenu/Images/T_MainMenuIcon.uasset" 219
"../../../../../../Users/ibrah/Documents/GitHub/HaloReach/Content/UI/MainMenu/Images/T_MainMenu.uasset" 220
"../../../../../../Users/ibrah/Documents/GitHub/HaloReach/Content/UI/PlayerNames/T_NameMenu.uasset" 221
"../../../../../../Users/ibrah/Documents/GitHub/HaloReach/Content/UI/PlayerNames/WBP_NameInputWidget.uasset" 222
"../../../../../../Users/ibrah/Documents/GitHub/HaloReach/Content/UI/MainMenu/WBP_MainMenu.uasset" 223
"../../../../../../Users/ibrah/Documents/GitHub/HaloReach/Content/Player/BP_PlayerCameraManager.uasset" 224
"../../../../../../Users/ibrah/Documents/GitHub/HaloReach/Content/UI/PlayerNames/PlayerName_Triangle2.uasset" 225
"../../../../../../Users/ibrah/Documents/GitHub/HaloReach/Content/UI/PlayerNames/WBP_PlayerName.uasset" 226
"../../../../../../Users/ibrah/Documents/GitHub/HaloReach/Content/Sounds/Player/Movement/Crouch_Up.uasset" 227
"../../../../../../Users/ibrah/Documents/GitHub/HaloReach/Content/Sounds/Player/Movement/Crouch_Down.uasset" 228
"../../../Engine/Content/EngineMeshes/SkeletalCube_Skeleton.uasset" 229
"../../../Engine/Content/EngineMeshes/SkeletalCube.uasset" 230
"../../../../../../Users/ibrah/Documents/GitHub/HaloReach/Content/Player/Characters/3P_Animations/3P_Player_Skeleton.uasset" 231
"../../../Engine/Content/Animation/DefaultAnimCurveCompressionSettings.uasset" 232
"../../../Engine/Content/Animation/DefaultAnimBoneCompressionSettings.uasset" 233
"../../../../../../Users/ibrah/Documents/GitHub/HaloReach/Content/Player/Characters/3P_Animations/Grenade/3P_GrenadeThrow_Start.uasset" 234
"../../../../../../Users/ibrah/Documents/GitHub/HaloReach/Content/Player/Characters/3P_Animations/Grenade/AM_3P_GrenadeStart.uasset" 235
"../../../../../../Users/ibrah/Documents/GitHub/HaloReach/Content/Player/Characters/3P_Animations/Grenade/3P_GrenadeThrow_Release.uasset" 236
"../../../../../../Users/ibrah/Documents/GitHub/HaloReach/Content/Player/Characters/3P_Animations/Grenade/AM_3P_GrenadeRelease.uasset" 237
"../../../../../../Users/ibrah/Documents/GitHub/HaloReach/Content/Player/Characters/3P_Animations/Grenade/3P_Grenade_Hold.uasset" 238
"../../../../../../Users/ibrah/Documents/GitHub/HaloReach/Content/Player/Characters/3P_Animations/Grenade/AM_3P_GrenadeHold.uasset" 239
"../../../../../../Users/ibrah/Documents/GitHub/HaloReach/Content/Player/Characters/3P_Animations/Death/Flying_Back_Death.uasset" 240
"../../../../../../Users/ibrah/Documents/GitHub/HaloReach/Content/Player/Characters/3P_Animations/Death/Flying_Back_Death_Montage.uasset" 241
"../../../../../../Users/ibrah/Documents/GitHub/HaloReach/Content/Player/Characters/3P_Animations/Death/Death_Right.uasset" 242
"../../../../../../Users/ibrah/Documents/GitHub/HaloReach/Content/Player/Characters/3P_Animations/Death/Death_Right_Montage.uasset" 243
"../../../../../../Users/ibrah/Documents/GitHub/HaloReach/Content/Player/Characters/3P_Animations/Death/Death_Left.uasset" 244
"../../../../../../Users/ibrah/Documents/GitHub/HaloReach/Content/Player/Characters/3P_Animations/Death/Death_Left_Montage.uasset" 245
"../../../../../../Users/ibrah/Documents/GitHub/HaloReach/Content/Player/Characters/3P_Animations/Death/Death_Forward.uasset" 246
"../../../../../../Users/ibrah/Documents/GitHub/HaloReach/Content/Player/Characters/3P_Animations/Death/Death_Forward_Montage.uasset" 247
"../../../../../../Users/ibrah/Documents/GitHub/HaloReach/Content/Player/Characters/3P_Animations/Rifle/Crouch/Walk_Crouching_Right.uasset" 248
"../../../../../../Users/ibrah/Documents/GitHub/HaloReach/Content/Player/Characters/3P_Animations/Rifle/Crouch/Walk_Crouching_Left.uasset" 249
"../../../../../../Users/ibrah/Documents/GitHub/HaloReach/Content/Player/Characters/3P_Animations/Rifle/Crouch/Walk_Crouching_Forward.uasset" 250
"../../../../../../Users/ibrah/Documents/GitHub/HaloReach/Content/Player/Characters/3P_Animations/Rifle/Crouch/Walk_Crouching_Backward.uasset" 251
"../../../../../../Users/ibrah/Documents/GitHub/HaloReach/Content/Player/Characters/3P_Animations/Rifle/Crouch/BS_Rifle_Crouch.uasset" 252
"../../../../../../Users/ibrah/Documents/GitHub/HaloReach/Content/Player/Characters/3P_Animations/Rifle/Walk_Right.uasset" 253
"../../../../../../Users/ibrah/Documents/GitHub/HaloReach/Content/Player/Characters/3P_Animations/Rifle/Walk_Left.uasset" 254
"../../../../../../Users/ibrah/Documents/GitHub/HaloReach/Content/Player/Characters/3P_Animations/Rifle/Walk_Forward.uasset" 255
"../../../../../../Users/ibrah/Documents/GitHub/HaloReach/Content/Player/Characters/3P_Animations/Rifle/Walk_Backward.uasset" 256
"../../../../../../Users/ibrah/Documents/GitHub/HaloReach/Content/Player/Characters/3P_Animations/Rifle/BS_3P_RifleWalk.uasset" 257
"../../../../../../Users/ibrah/Documents/GitHub/HaloReach/Content/Player/Characters/3P_Animations/Pistol/Pistol_Walk_Backward.uasset" 258
"../../../../../../Users/ibrah/Documents/GitHub/HaloReach/Content/Player/Characters/3P_Animations/Pistol/Pistol_Walk.uasset" 259
"../../../../../../Users/ibrah/Documents/GitHub/HaloReach/Content/Player/Characters/3P_Animations/Pistol/Pistol_Strafe__1_.uasset" 260
"../../../../../../Users/ibrah/Documents/GitHub/HaloReach/Content/Player/Characters/3P_Animations/Pistol/Pistol_Strafe.uasset" 261
"../../../../../../Users/ibrah/Documents/GitHub/HaloReach/Content/Player/Characters/3P_Animations/Pistol/BS_3P_PistolWalk.uasset" 262
"../../../../../../Users/ibrah/Documents/GitHub/HaloReach/Content/Player/Characters/3P_Animations/Rifle/Jump/Rifle_JumpUp_Trimmed.uasset" 263
"../../../../../../Users/ibrah/Documents/GitHub/HaloReach/Content/Player/Characters/3P_Animations/Rifle/Jump/Rifle_JumpUp.uasset" 264
"../../../../../../Users/ibrah/Documents/GitHub/HaloReach/Content/Player/Characters/3P_Animations/Rifle/Jump/Rifle_JumpLoop.uasset" 265
"../../../../../../Users/ibrah/Documents/GitHub/HaloReach/Content/Player/Characters/3P_Animations/Rifle/Jump/Rifle_JumpLand.uasset" 266
"../../../../../../Users/ibrah/Documents/GitHub/HaloReach/Content/Player/Characters/3P_Animations/Rifle/Idle_Rifle.uasset" 267
"../../../../../../Users/ibrah/Documents/GitHub/HaloReach/Content/Player/Characters/3P_Animations/Rifle/Crouch/Crouch_Idle.uasset" 268
"../../../../../../Users/ibrah/Documents/GitHub/HaloReach/Content/Player/Characters/3P_Animations/Pistol/Pistol_Idle.uasset" 269
"../../../../../../Users/ibrah/Documents/GitHub/HaloReach/Content/Player/Characters/3P_Animations/Pistol/Jump/Pistol_Jump_Start_Trimmed.uasset" 270
"../../../../../../Users/ibrah/Documents/GitHub/HaloReach/Content/Player/Characters/3P_Animations/Pistol/Jump/Pistol_Jump_Start_Anim.uasset" 271
"../../../../../../Users/ibrah/Documents/GitHub/HaloReach/Content/Player/Characters/3P_Animations/Pistol/Jump/Pistol_Jump_Loop_Anim.uasset" 272
"../../../../../../Users/ibrah/Documents/GitHub/HaloReach/Content/Player/Characters/3P_Animations/Pistol/Jump/Pistol_Jump_End_Anim.uasset" 273
"../../../../../../Users/ibrah/Documents/GitHub/HaloReach/Content/Player/Characters/3P_Animations/Pistol/Crouch/Pistol_Kneeling_Idle.uasset" 274
"../../../../../../Users/ibrah/Documents/GitHub/HaloReach/Content/Player/Characters/3P_Animations/Rifle/AimSpace/Rifle_AimUp.uasset" 275
"../../../../../../Users/ibrah/Documents/GitHub/HaloReach/Content/Player/Characters/3P_Animations/Rifle/AimSpace/Rifle_AimDown.uasset" 276
"../../../../../../Users/ibrah/Documents/GitHub/HaloReach/Content/Player/Characters/3P_Animations/Rifle/AimSpace/Rifle_AimCentre.uasset" 277
"../../../../../../Users/ibrah/Documents/GitHub/HaloReach/Content/Player/Characters/3P_Animations/Rifle/AimSpace/AS_Rifle.uasset" 278
"../../../../../../Users/ibrah/Documents/GitHub/HaloReach/Content/Player/Characters/3P_Animations/Pistol/AimOffset/Pistol_Centre.uasset" 279
"../../../../../../Users/ibrah/Documents/GitHub/HaloReach/Content/Player/Characters/3P_Animations/Pistol/AimOffset/Pistol_AimUp.uasset" 280
"../../../../../../Users/ibrah/Documents/GitHub/HaloReach/Content/Player/Characters/3P_Animations/Pistol/AimOffset/Pistol_AimDown.uasset" 281
"../../../../../../Users/ibrah/Documents/GitHub/HaloReach/Content/Player/Characters/3P_Animations/Pistol/AimOffset/AO_Pistol.uasset" 282
"../../../../../../Users/ibrah/Documents/GitHub/HaloReach/Content/Player/Characters/3P_Animations/ABP_3P_Player.uasset" 283
"../../../../../../Users/ibrah/Documents/GitHub/HaloReach/Content/Player/Curve_Name.uasset" 284
"../../../../../../Users/ibrah/Documents/GitHub/HaloReach/Content/Player/Curve_MeleeTrack.uasset" 285
"../../../../../../Users/ibrah/Documents/GitHub/HaloReach/Content/Player/Curve_Crouch.uasset" 286
"../../../../../../Users/ibrah/Documents/GitHub/HaloReach/Content/Helper_Packs/FPS_Assault_Pack/FPS_Arms/Meshes/Arms/SK_Custom_Arms_Skeleton.uasset" 287
"../../../../../../Users/ibrah/Documents/GitHub/HaloReach/Content/Player/Characters/1P_Animations/PistolAnimations/Pistol_WalkForwards_fast.uasset" 288
"../../../../../../Users/ibrah/Documents/GitHub/HaloReach/Content/Player/Characters/1P_Animations/PistolAnimations/Pistol_Idle.uasset" 289
"../../../../../../Users/ibrah/Documents/GitHub/HaloReach/Content/Player/Characters/1P_Animations/Grenade/1P_Grenade_Start.uasset" 290
"../../../../../../Users/ibrah/Documents/GitHub/HaloReach/Content/Player/Characters/1P_Animations/Grenade/1P_Grenade_Release.uasset" 291
"../../../../../../Users/ibrah/Documents/GitHub/HaloReach/Content/Player/Characters/1P_Animations/Grenade/1P_Grenade_Hold.uasset" 292
"../../../../../../Users/ibrah/Documents/GitHub/HaloReach/Content/Helper_Packs/FPS_Assault_Pack/Animations/RU74/A_Arms_RU74_Walk_FWD.uasset" 293
"../../../../../../Users/ibrah/Documents/GitHub/HaloReach/Content/Helper_Packs/FPS_Assault_Pack/Animations/RU74/A_Arms_RU74_Sprint_FWD.uasset" 294
"../../../../../../Users/ibrah/Documents/GitHub/HaloReach/Content/Helper_Packs/FPS_Assault_Pack/Animations/RU74/A_Arms_RU74_Idle02.uasset" 295
"../../../../../../Users/ibrah/Documents/GitHub/HaloReach/Content/Helper_Packs/FPS_Assault_Pack/Animations/RU74/A_Arms_RU74_Idle01.uasset" 296
"../../../../../../Users/ibrah/Documents/GitHub/HaloReach/Content/Player/Characters/1P_Animations/ABP_PlayerCharacter.uasset" 297
"../../../../../../Users/ibrah/Documents/GitHub/HaloReach/Content/Helper_Packs/FPS_Assault_Pack/FPS_Arms/Textures/Arms/T_Arms_NRM.uasset" 298
"../../../../../../Users/ibrah/Documents/GitHub/HaloReach/Content/Helper_Packs/FPS_Assault_Pack/FPS_Arms/Textures/Arms/T_Arms_M_MSK.uasset" 299
"../../../../../../Users/ibrah/Documents/GitHub/HaloReach/Content/Helper_Packs/FPS_Assault_Pack/FPS_Arms/Textures/Arms/T_Arms_ALB.uasset" 300
"../../../../../../Users/ibrah/Documents/GitHub/HaloReach/Content/Helper_Packs/FPS_Assault_Pack/FPS_Arms/Materials/Arms/M_Arms.uasset" 301
"../../../../../../Users/ibrah/Documents/GitHub/HaloReach/Content/Helper_Packs/FPS_Assault_Pack/FPS_Arms/Meshes/Arms/SK_Custom_Arms.uasset" 302
"../../../../../../Users/ibrah/Documents/GitHub/HaloReach/Content/Enviroment/Equipment/Magnum/Magnum_Joined_Skeleton.uasset" 303
"../../../../../../Users/ibrah/Documents/GitHub/HaloReach/Content/Enviroment/Equipment/Magnum/Magnum_Joined_PhysicsAsset.uasset" 304
"../../../../../../Users/ibrah/Documents/GitHub/HaloReach/Content/Enviroment/Equipment/Magnum/SmartLink/SmartLink_AO.uasset" 305
"../../../../../../Users/ibrah/Documents/GitHub/HaloReach/Content/Enviroment/Equipment/Magnum/SmartLink/M6_Texturing_SmartLink_Roughness_tga.uasset" 306
"../../../../../../Users/ibrah/Documents/GitHub/HaloReach/Content/Enviroment/Equipment/Magnum/SmartLink/M6_Texturing_SmartLink_Normal.uasset" 307
"../../../../../../Users/ibrah/Documents/GitHub/HaloReach/Content/Enviroment/Equipment/Magnum/SmartLink/M6_Texturing_SmartLink_Metallic_tga.uasset" 308
"../../../../../../Users/ibrah/Documents/GitHub/HaloReach/Content/Enviroment/Equipment/Magnum/SmartLink/M6_Texturing_SmartLink_Emissive.uasset" 309
"../../../../../../Users/ibrah/Documents/GitHub/HaloReach/Content/Enviroment/Equipment/Magnum/SmartLink/M6_Texturing_SmartLink_BaseColor.uasset" 310
"../../../../../../Users/ibrah/Documents/GitHub/HaloReach/Content/Enviroment/Equipment/Magnum/SmartLink/SmartLink.uasset" 311
"../../../../../../Users/ibrah/Documents/GitHub/HaloReach/Content/Enviroment/Equipment/Magnum/Main/Main_opacity.uasset" 312
"../../../../../../Users/ibrah/Documents/GitHub/HaloReach/Content/Enviroment/Equipment/Magnum/Main/Main_AO.uasset" 313
"../../../../../../Users/ibrah/Documents/GitHub/HaloReach/Content/Enviroment/Equipment/Magnum/Main/M6_Texturing_Main_Roughness_tga.uasset" 314
"../../../../../../Users/ibrah/Documents/GitHub/HaloReach/Content/Enviroment/Equipment/Magnum/Main/M6_Texturing_Main_Normal_tga.uasset" 315
"../../../../../../Users/ibrah/Documents/GitHub/HaloReach/Content/Enviroment/Equipment/Magnum/Main/M6_Texturing_Main_Metallic_tga.uasset" 316
"../../../../../../Users/ibrah/Documents/GitHub/HaloReach/Content/Enviroment/Equipment/Magnum/Main/M6_Texturing_Main_Emissive.uasset" 317
"../../../../../../Users/ibrah/Documents/GitHub/HaloReach/Content/Enviroment/Equipment/Magnum/Main/M6_Texturing_Main_BaseColor_tga.uasset" 318
"../../../../../../Users/ibrah/Documents/GitHub/HaloReach/Content/Enviroment/Equipment/Magnum/Main/MagnumMain.uasset" 319
"../../../../../../Users/ibrah/Documents/GitHub/HaloReach/Content/Enviroment/Equipment/Magnum/Mag/Mag_Stn_roughness.uasset" 320
"../../../../../../Users/ibrah/Documents/GitHub/HaloReach/Content/Enviroment/Equipment/Magnum/Mag/Mag_Stn_opacity.uasset" 321
"../../../../../../Users/ibrah/Documents/GitHub/HaloReach/Content/Enviroment/Equipment/Magnum/Mag/Mag_Stn_normal.uasset" 322
"../../../../../../Users/ibrah/Documents/GitHub/HaloReach/Content/Enviroment/Equipment/Magnum/Mag/Mag_Stn_metallic.uasset" 323
"../../../../../../Users/ibrah/Documents/GitHub/HaloReach/Content/Enviroment/Equipment/Magnum/Mag/Mag_Stn_AO.uasset" 324
"../../../../../../Users/ibrah/Documents/GitHub/HaloReach/Content/Enviroment/Equipment/Magnum/Mag/M6_Texturing_Mag_Stn_BaseColor_tga.uasset" 325
"../../../../../../Users/ibrah/Documents/GitHub/HaloReach/Content/Enviroment/Equipment/Magnum/Mag/Mag_Stn.uasset" 326
"../../../../../../Users/ibrah/Documents/GitHub/HaloReach/Content/Enviroment/Equipment/Magnum/Magnum_Joined.uasset" 327
"../../../../../../Users/ibrah/Documents/GitHub/HaloReach/Content/Enviroment/Interactables/Weapons_3P/BP_SecondaryWeapon3P.uasset" 328
"../../../../../../Users/ibrah/Documents/GitHub/HaloReach/Content/Enviroment/Equipment/Assult_Rifle/ReachAssaultRifle_SM_AssaultRifle_Skeleton.uasset" 329
"../../../../../../Users/ibrah/Documents/GitHub/HaloReach/Content/Enviroment/Equipment/Assult_Rifle/ReachAssaultRifle_SM_AssaultRifle_PhysicsAsset.uasset" 330
"../../../../../../Users/ibrah/Documents/GitHub/HaloReach/Content/Enviroment/Equipment/Assult_Rifle/Shroud/Shroud_roughness.uasset" 331
"../../../../../../Users/ibrah/Documents/GitHub/HaloReach/Content/Enviroment/Equipment/Assult_Rifle/Shroud/Shroud_normal.uasset" 332
"../../../../../../Users/ibrah/Documents/GitHub/HaloReach/Content/Enviroment/Equipment/Assult_Rifle/Shroud/Shroud_metallic.uasset" 333
"../../../../../../Users/ibrah/Documents/GitHub/HaloReach/Content/Enviroment/Equipment/Assult_Rifle/Shroud/Shroud_AO.uasset" 334
"../../../../../../Users/ibrah/Documents/GitHub/HaloReach/Content/Enviroment/Equipment/Assult_Rifle/Shroud/Shroud_albedo.uasset" 335
"../../../../../../Users/ibrah/Documents/GitHub/HaloReach/Content/Enviroment/Equipment/Assult_Rifle/Shroud/Shroud.uasset" 336
"../../../../../../Users/ibrah/Documents/GitHub/HaloReach/Content/Enviroment/Equipment/Assult_Rifle/Rear/Rear_roughness.uasset" 337
"../../../../../../Users/ibrah/Documents/GitHub/HaloReach/Content/Enviroment/Equipment/Assult_Rifle/Rear/Rear_opacity.uasset" 338
"../../../../../../Users/ibrah/Documents/GitHub/HaloReach/Content/Enviroment/Equipment/Assult_Rifle/Rear/Rear_normal.uasset" 339
"../../../../../../Users/ibrah/Documents/GitHub/HaloReach/Content/Enviroment/Equipment/Assult_Rifle/Rear/Rear_metallic.uasset" 340
"../../../../../../Users/ibrah/Documents/GitHub/HaloReach/Content/Enviroment/Equipment/Assult_Rifle/Rear/Rear_AO.uasset" 341
"../../../../../../Users/ibrah/Documents/GitHub/HaloReach/Content/Enviroment/Equipment/Assult_Rifle/Rear/Rear_albedo.uasset" 342
"../../../../../../Users/ibrah/Documents/GitHub/HaloReach/Content/Enviroment/Equipment/Assult_Rifle/Rear/Rear.uasset" 343
"../../../../../../Users/ibrah/Documents/GitHub/HaloReach/Content/Enviroment/Equipment/Assult_Rifle/Mag/Magazine_roughness.uasset" 344
"../../../../../../Users/ibrah/Documents/GitHub/HaloReach/Content/Enviroment/Equipment/Assult_Rifle/Mag/Magazine_opacity.uasset" 345
"../../../../../../Users/ibrah/Documents/GitHub/HaloReach/Content/Enviroment/Equipment/Assult_Rifle/Mag/Magazine_normal.uasset" 346
"../../../../../../Users/ibrah/Documents/GitHub/HaloReach/Content/Enviroment/Equipment/Assult_Rifle/Mag/Magazine_metallic.uasset" 347
"../../../../../../Users/ibrah/Documents/GitHub/HaloReach/Content/Enviroment/Equipment/Assult_Rifle/Mag/Magazine_AO.uasset" 348
"../../../../../../Users/ibrah/Documents/GitHub/HaloReach/Content/Enviroment/Equipment/Assult_Rifle/Mag/Magazine_albedo.uasset" 349
"../../../../../../Users/ibrah/Documents/GitHub/HaloReach/Content/Enviroment/Equipment/Assult_Rifle/Mag/Magazine.uasset" 350
"../../../../../../Users/ibrah/Documents/GitHub/HaloReach/Content/Enviroment/Equipment/Assult_Rifle/Front/Front_roughness.uasset" 351
"../../../../../../Users/ibrah/Documents/GitHub/HaloReach/Content/Enviroment/Equipment/Assult_Rifle/Front/Front_normal.uasset" 352
"../../../../../../Users/ibrah/Documents/GitHub/HaloReach/Content/Enviroment/Equipment/Assult_Rifle/Front/Front_metallic.uasset" 353
"../../../../../../Users/ibrah/Documents/GitHub/HaloReach/Content/Enviroment/Equipment/Assult_Rifle/Front/Front_AO.uasset" 354
"../../../../../../Users/ibrah/Documents/GitHub/HaloReach/Content/Enviroment/Equipment/Assult_Rifle/Front/Front_albedo.uasset" 355
"../../../../../../Users/ibrah/Documents/GitHub/HaloReach/Content/Enviroment/Equipment/Assult_Rifle/Front/Front.uasset" 356
"../../../../../../Users/ibrah/Documents/GitHub/HaloReach/Content/Enviroment/Equipment/Assult_Rifle/Display/MA37LP_Display_Roughness.uasset" 357
"../../../../../../Users/ibrah/Documents/GitHub/HaloReach/Content/Enviroment/Equipment/Assult_Rifle/Display/Display_normal.uasset" 358
"../../../../../../Users/ibrah/Documents/GitHub/HaloReach/Content/Enviroment/Equipment/Assult_Rifle/Display/Display_metallic.uasset" 359
"../../../../../../Users/ibrah/Documents/GitHub/HaloReach/Content/Enviroment/Equipment/Assult_Rifle/Display/Display_emissive.uasset" 360
"../../../../../../Users/ibrah/Documents/GitHub/HaloReach/Content/Enviroment/Equipment/Assult_Rifle/Display/Display.uasset" 361
"../../../../../../Users/ibrah/Documents/GitHub/HaloReach/Content/Enviroment/Equipment/Assult_Rifle/AmmoCounter/AmmoCounter_roughness.uasset" 362
"../../../../../../Users/ibrah/Documents/GitHub/HaloReach/Content/Enviroment/Equipment/Assult_Rifle/AmmoCounter/AmmoCounter_normal.uasset" 363
"../../../../../../Users/ibrah/Documents/GitHub/HaloReach/Content/Enviroment/Equipment/Assult_Rifle/AmmoCounter/AmmoCounter_metallic.uasset" 364
"../../../../../../Users/ibrah/Documents/GitHub/HaloReach/Content/Enviroment/Equipment/Assult_Rifle/AmmoCounter/AmmoCounter_emissive.uasset" 365
"../../../../../../Users/ibrah/Documents/GitHub/HaloReach/Content/Enviroment/Equipment/Assult_Rifle/AmmoCounter/AmmoCounter_AO.uasset" 366
"../../../../../../Users/ibrah/Documents/GitHub/HaloReach/Content/Enviroment/Equipment/Assult_Rifle/AmmoCounter/AmmoCounter_albedo.uasset" 367
"../../../../../../Users/ibrah/Documents/GitHub/HaloReach/Content/Enviroment/Equipment/Assult_Rifle/AmmoCounter/AmmoCounter.uasset" 368
"../../../../../../Users/ibrah/Documents/GitHub/HaloReach/Content/Enviroment/Equipment/Assult_Rifle/ReachAssaultRifle_SM_AssaultRifle.uasset" 369
"../../../../../../Users/ibrah/Documents/GitHub/HaloReach/Content/Enviroment/Interactables/Weapons_3P/BP_PrimaryWeapon3P.uasset" 370
"../../../../../../Users/ibrah/Documents/GitHub/HaloReach/Content/UI/Weapon_Icons/T_Magnum_Icon__3_.uasset" 371
"../../../../../../Users/ibrah/Documents/GitHub/HaloReach/Content/UI/Weapon_Icons/Magnum/T_MG_8B.uasset" 372
"../../../../../../Users/ibrah/Documents/GitHub/HaloReach/Content/UI/Weapon_Icons/Magnum/T_MG_7B.uasset" 373
"../../../../../../Users/ibrah/Documents/GitHub/HaloReach/Content/UI/Weapon_Icons/Magnum/T_MG_6B.uasset" 374
"../../../../../../Users/ibrah/Documents/GitHub/HaloReach/Content/UI/Weapon_Icons/Magnum/T_MG_4B.uasset" 375
"../../../../../../Users/ibrah/Documents/GitHub/HaloReach/Content/UI/Weapon_Icons/Magnum/T_MG_3B.uasset" 376
"../../../../../../Users/ibrah/Documents/GitHub/HaloReach/Content/UI/Weapon_Icons/Magnum/T_MG_2B.uasset" 377
"../../../../../../Users/ibrah/Documents/GitHub/HaloReach/Content/UI/Weapon_Icons/Magnum/T_MG_1B.uasset" 378
"../../../../../../Users/ibrah/Documents/GitHub/HaloReach/Content/UI/Scopes/WBP_MagnumScope.uasset" 379
"../../../../../../Users/ibrah/Documents/GitHub/HaloReach/Content/Sounds/Magnum/S_Magnum_DryFire.uasset" 380
"../../../../../../Users/ibrah/Documents/GitHub/HaloReach/Content/Enviroment/Interactables/Magnum/Curve_MG_Yaw.uasset" 381
"../../../../../../Users/ibrah/Documents/GitHub/HaloReach/Content/Enviroment/Interactables/Magnum/Curve_MG_Return.uasset" 382
"../../../../../../Users/ibrah/Documents/GitHub/HaloReach/Content/Enviroment/Interactables/Magnum/Curve_MG_Pitch.uasset" 383
"../../../../../../Users/ibrah/Documents/GitHub/HaloReach/Content/Enviroment/Interactables/Magnum/Curve_MG_Default.uasset" 384
"../../../../../../Users/ibrah/Documents/GitHub/HaloReach/Content/Enviroment/Interactables/Magnum/Curve_MG_CHSpread.uasset" 385
"../../../../../../Users/ibrah/Documents/GitHub/HaloReach/Content/Enviroment/Interactables/Magnum/BP_MG_CameraShake.uasset" 386
"../../../../../../Users/ibrah/Documents/GitHub/HaloReach/Content/Player/Characters/3P_Animations/Pistol/Combat/Shooting.uasset" 387
"../../../../../../Users/ibrah/Documents/GitHub/HaloReach/Content/Player/Characters/3P_Animations/Pistol/Combat/AM_3P_PistolShoot.uasset" 388
"../../../../../../Users/ibrah/Documents/GitHub/HaloReach/Content/Player/Characters/3P_Animations/Rifle/Combat/Rifle_Reload.uasset" 389
"../../../../../../Users/ibrah/Documents/GitHub/HaloReach/Content/Enviroment/Equipment/Magnum/Magnum_Magazine.uasset" 390
"../../../../../../Users/ibrah/Documents/GitHub/HaloReach/Content/Enviroment/Interactables/Magnum/BP_MagnumMagazine3P.uasset" 391
"../../../../../../Users/ibrah/Documents/GitHub/HaloReach/Content/Player/Characters/3P_Animations/Pistol/Combat/AM_3P_PistolReload.uasset" 392
"../../../../../../Users/ibrah/Documents/GitHub/HaloReach/Content/Player/Characters/3P_Animations/Pistol/Combat/Pistol_Whip.uasset" 393
"../../../../../../Users/ibrah/Documents/GitHub/HaloReach/Content/Player/Characters/3P_Animations/Pistol/Combat/AM_3P_PistolMelee.uasset" 394
"../../../../../../Users/ibrah/Documents/GitHub/HaloReach/Content/UI/Weapon_Icons/Magnum/T_MG_5B.uasset" 395
"../../../../../../Users/ibrah/Documents/GitHub/HaloReach/Content/Player/Characters/3P_Animations/Pistol/Combat/Drawing_Gun.uasset" 396
"../../../../../../Users/ibrah/Documents/GitHub/HaloReach/Content/Player/Characters/3P_Animations/Pistol/Combat/AM_3P_PistolEquip.uasset" 397
"../../../../../../Users/ibrah/Documents/GitHub/HaloReach/Content/Sounds/Magnum/Melee/magnum_melee_1a__2_.uasset" 398
"../../../../../../Users/ibrah/Documents/GitHub/HaloReach/Content/Player/Characters/1P_Animations/PistolAnimations/Combat/1P_Pistol_Melee.uasset" 399
"../../../../../../Users/ibrah/Documents/GitHub/HaloReach/Content/Player/Characters/1P_Animations/PistolAnimations/Combat/AM_1P_PistolMelee.uasset" 400
"../../../../../../Users/ibrah/Documents/GitHub/HaloReach/Content/Sounds/Magnum/S_Magnum_Equip.uasset" 401
"../../../../../../Users/ibrah/Documents/GitHub/HaloReach/Content/Player/Characters/1P_Animations/PistolAnimations/Combat/Pistol_Equip.uasset" 402
"../../../../../../Users/ibrah/Documents/GitHub/HaloReach/Content/Player/Characters/1P_Animations/PistolAnimations/Combat/AM_1P_PistolEquip.uasset" 403
"../../../../../../Users/ibrah/Documents/GitHub/HaloReach/Content/Sounds/Magnum/Fire/S_Magnum_Fire.uasset" 404
"../../../../../../Users/ibrah/Documents/GitHub/HaloReach/Content/Player/Characters/1P_Animations/PistolAnimations/Combat/Pistol_Shoot.uasset" 405
"../../../../../../Users/ibrah/Documents/GitHub/HaloReach/Content/Player/Characters/1P_Animations/PistolAnimations/Combat/AM_1P_Pistol_Shoot.uasset" 406
"../../../../../../Users/ibrah/Documents/GitHub/HaloReach/Content/Sounds/Magnum/S_Magnum_Reload.uasset" 407
"../../../../../../Users/ibrah/Documents/GitHub/HaloReach/Content/Player/Characters/1P_Animations/PistolAnimations/Combat/Reload_anim_pistol.uasset" 408
"../../../../../../Users/ibrah/Documents/GitHub/HaloReach/Content/Enviroment/Interactables/Magnum/BP_MagnumMagazine.uasset" 409
"../../../../../../Users/ibrah/Documents/GitHub/HaloReach/Content/Player/Characters/1P_Animations/PistolAnimations/Combat/AM_1P_Pistol_Reload.uasset" 410
"../../../../../../Users/ibrah/Documents/GitHub/HaloReach/Content/WeaponEffectsPack/WeaponEffects/GenericImpact/T_SparkCore_2X2.uasset" 411
"../../../../../../Users/ibrah/Documents/GitHub/HaloReach/Content/WeaponEffectsPack/WeaponEffects/GenericImpact/M_spark_subUV.uasset" 412
"../../../../../../Users/ibrah/Documents/GitHub/HaloReach/Content/WeaponEffectsPack/WeaponEffects/GenericImpact/Flare_02.uasset" 413
"../../../../../../Users/ibrah/Documents/GitHub/HaloReach/Content/WeaponEffectsPack/WeaponEffects/GenericImpact/M_LensFlare_02.uasset" 414
"../../../../../../Users/ibrah/Documents/GitHub/HaloReach/Content/WeaponEffectsPack/WeaponEffects/GenericImpact/P_DefaultImpactEffect.uasset" 415
"../../../../../../Users/ibrah/Documents/GitHub/HaloReach/Content/UI/Weapon_Icons/AssaultRifle/T_AR_00B.uasset" 416
"../../../../../../Users/ibrah/Documents/GitHub/HaloReach/Content/WeaponEffectsPack/WeaponEffects/Muzzle/MuzzleTwo_2048_6x6.uasset" 417
"../../../../../../Users/ibrah/Documents/GitHub/HaloReach/Content/WeaponEffectsPack/WeaponEffects/Muzzle/MuzzleSmokeOne_1024_11x11.uasset" 418
"../../../../../../Users/ibrah/Documents/GitHub/HaloReach/Content/WeaponEffectsPack/WeaponEffects/Muzzle/MuzzleFlash_Master.uasset" 419
"../../../../../../Users/ibrah/Documents/GitHub/HaloReach/Content/WeaponEffectsPack/WeaponEffects/Muzzle/MuzzleFlash_Master_Inst.uasset" 420
"../../../../../../Users/ibrah/Documents/GitHub/HaloReach/Content/WeaponEffectsPack/WeaponEffects/Muzzle/MuzzleFlash_Master_Inst_2.uasset" 421
"../../../../../../Users/ibrah/Documents/GitHub/HaloReach/Content/WeaponEffectsPack/WeaponEffects/Muzzle/P_DefaultMuzzleEffect.uasset" 422
"../../../../../../Users/ibrah/Documents/GitHub/HaloReach/Content/Enviroment/Interactables/Magnum/BP_Magnum.uasset" 423
"../../../../../../Users/ibrah/Documents/GitHub/HaloReach/Content/UI/Weapon_Icons/T_AssultRifle_Icon.uasset" 424
"../../../../../../Users/ibrah/Documents/GitHub/HaloReach/Content/UI/Weapon_Icons/AssaultRifle/T_AR_32B.uasset" 425
"../../../../../../Users/ibrah/Documents/GitHub/HaloReach/Content/UI/Weapon_Icons/AssaultRifle/T_AR_31B.uasset" 426
"../../../../../../Users/ibrah/Documents/GitHub/HaloReach/Content/UI/Weapon_Icons/AssaultRifle/T_AR_30B.uasset" 427
"../../../../../../Users/ibrah/Documents/GitHub/HaloReach/Content/UI/Weapon_Icons/AssaultRifle/T_AR_29B.uasset" 428
"../../../../../../Users/ibrah/Documents/GitHub/HaloReach/Content/UI/Weapon_Icons/AssaultRifle/T_AR_28B.uasset" 429
"../../../../../../Users/ibrah/Documents/GitHub/HaloReach/Content/UI/Weapon_Icons/AssaultRifle/T_AR_27B.uasset" 430
"../../../../../../Users/ibrah/Documents/GitHub/HaloReach/Content/UI/Weapon_Icons/AssaultRifle/T_AR_26B.uasset" 431
"../../../../../../Users/ibrah/Documents/GitHub/HaloReach/Content/UI/Weapon_Icons/AssaultRifle/T_AR_25B.uasset" 432
"../../../../../../Users/ibrah/Documents/GitHub/HaloReach/Content/UI/Weapon_Icons/AssaultRifle/T_AR_24B.uasset" 433
"../../../../../../Users/ibrah/Documents/GitHub/HaloReach/Content/UI/Weapon_Icons/AssaultRifle/T_AR_23B.uasset" 434
"../../../../../../Users/ibrah/Documents/GitHub/HaloReach/Content/UI/Weapon_Icons/AssaultRifle/T_AR_22B.uasset" 435
"../../../../../../Users/ibrah/Documents/GitHub/HaloReach/Content/UI/Weapon_Icons/AssaultRifle/T_AR_21B.uasset" 436
"../../../../../../Users/ibrah/Documents/GitHub/HaloReach/Content/UI/Weapon_Icons/AssaultRifle/T_AR_20B.uasset" 437
"../../../../../../Users/ibrah/Documents/GitHub/HaloReach/Content/UI/Weapon_Icons/AssaultRifle/T_AR_19B.uasset" 438
"../../../../../../Users/ibrah/Documents/GitHub/HaloReach/Content/UI/Weapon_Icons/AssaultRifle/T_AR_18B.uasset" 439
"../../../../../../Users/ibrah/Documents/GitHub/HaloReach/Content/UI/Weapon_Icons/AssaultRifle/T_AR_17B.uasset" 440
"../../../../../../Users/ibrah/Documents/GitHub/HaloReach/Content/UI/Weapon_Icons/AssaultRifle/T_AR_16B.uasset" 441
"../../../../../../Users/ibrah/Documents/GitHub/HaloReach/Content/UI/Weapon_Icons/AssaultRifle/T_AR_15B.uasset" 442
"../../../../../../Users/ibrah/Documents/GitHub/HaloReach/Content/UI/Weapon_Icons/AssaultRifle/T_AR_14B.uasset" 443
"../../../../../../Users/ibrah/Documents/GitHub/HaloReach/Content/UI/Weapon_Icons/AssaultRifle/T_AR_13B.uasset" 444
"../../../../../../Users/ibrah/Documents/GitHub/HaloReach/Content/UI/Weapon_Icons/AssaultRifle/T_AR_12B.uasset" 445
"../../../../../../Users/ibrah/Documents/GitHub/HaloReach/Content/UI/Weapon_Icons/AssaultRifle/T_AR_11B.uasset" 446
"../../../../../../Users/ibrah/Documents/GitHub/HaloReach/Content/UI/Weapon_Icons/AssaultRifle/T_AR_10B.uasset" 447
"../../../../../../Users/ibrah/Documents/GitHub/HaloReach/Content/UI/Weapon_Icons/AssaultRifle/T_AR_09B.uasset" 448
"../../../../../../Users/ibrah/Documents/GitHub/HaloReach/Content/UI/Weapon_Icons/AssaultRifle/T_AR_08B.uasset" 449
"../../../../../../Users/ibrah/Documents/GitHub/HaloReach/Content/UI/Weapon_Icons/AssaultRifle/T_AR_07B.uasset" 450
"../../../../../../Users/ibrah/Documents/GitHub/HaloReach/Content/UI/Weapon_Icons/AssaultRifle/T_AR_06B.uasset" 451
"../../../../../../Users/ibrah/Documents/GitHub/HaloReach/Content/UI/Weapon_Icons/AssaultRifle/T_AR_05B.uasset" 452
"../../../../../../Users/ibrah/Documents/GitHub/HaloReach/Content/UI/Weapon_Icons/AssaultRifle/T_AR_04B.uasset" 453
"../../../../../../Users/ibrah/Documents/GitHub/HaloReach/Content/UI/Weapon_Icons/AssaultRifle/T_AR_03B.uasset" 454
"../../../../../../Users/ibrah/Documents/GitHub/HaloReach/Content/UI/Weapon_Icons/AssaultRifle/T_AR_02B.uasset" 455
"../../../../../../Users/ibrah/Documents/GitHub/HaloReach/Content/UI/Weapon_Icons/AssaultRifle/T_AR_01B.uasset" 456
"../../../../../../Users/ibrah/Documents/GitHub/HaloReach/Content/Sounds/AssaultRifle/S_AssaultRifle_DryFire.uasset" 457
"../../../../../../Users/ibrah/Documents/GitHub/HaloReach/Content/Enviroment/Interactables/AssaultRifle/AmmoCounter/T_Display_32.uasset" 458
"../../../../../../Users/ibrah/Documents/GitHub/HaloReach/Content/Enviroment/Interactables/AssaultRifle/AmmoCounter/T_Display_31.uasset" 459
"../../../../../../Users/ibrah/Documents/GitHub/HaloReach/Content/Enviroment/Interactables/AssaultRifle/AmmoCounter/T_Display_30.uasset" 460
"../../../../../../Users/ibrah/Documents/GitHub/HaloReach/Content/Enviroment/Interactables/AssaultRifle/AmmoCounter/T_Display_29.uasset" 461
"../../../../../../Users/ibrah/Documents/GitHub/HaloReach/Content/Enviroment/Interactables/AssaultRifle/AmmoCounter/T_Display_28.uasset" 462
"../../../../../../Users/ibrah/Documents/GitHub/HaloReach/Content/Enviroment/Interactables/AssaultRifle/AmmoCounter/T_Display_27.uasset" 463
"../../../../../../Users/ibrah/Documents/GitHub/HaloReach/Content/Enviroment/Interactables/AssaultRifle/AmmoCounter/T_Display_26.uasset" 464
"../../../../../../Users/ibrah/Documents/GitHub/HaloReach/Content/Enviroment/Interactables/AssaultRifle/AmmoCounter/T_Display_25.uasset" 465
"../../../../../../Users/ibrah/Documents/GitHub/HaloReach/Content/Enviroment/Interactables/AssaultRifle/AmmoCounter/T_Display_24.uasset" 466
"../../../../../../Users/ibrah/Documents/GitHub/HaloReach/Content/Enviroment/Interactables/AssaultRifle/AmmoCounter/T_Display_23.uasset" 467
"../../../../../../Users/ibrah/Documents/GitHub/HaloReach/Content/Enviroment/Interactables/AssaultRifle/AmmoCounter/T_Display_22.uasset" 468
"../../../../../../Users/ibrah/Documents/GitHub/HaloReach/Content/Enviroment/Interactables/AssaultRifle/AmmoCounter/T_Display_21.uasset" 469
"../../../../../../Users/ibrah/Documents/GitHub/HaloReach/Content/Enviroment/Interactables/AssaultRifle/AmmoCounter/T_Display_20.uasset" 470
"../../../../../../Users/ibrah/Documents/GitHub/HaloReach/Content/Enviroment/Interactables/AssaultRifle/AmmoCounter/T_Display_19.uasset" 471
"../../../../../../Users/ibrah/Documents/GitHub/HaloReach/Content/Enviroment/Interactables/AssaultRifle/AmmoCounter/T_Display_18.uasset" 472
"../../../../../../Users/ibrah/Documents/GitHub/HaloReach/Content/Enviroment/Interactables/AssaultRifle/AmmoCounter/T_Display_17.uasset" 473
"../../../../../../Users/ibrah/Documents/GitHub/HaloReach/Content/Enviroment/Interactables/AssaultRifle/AmmoCounter/T_Display_16.uasset" 474
"../../../../../../Users/ibrah/Documents/GitHub/HaloReach/Content/Enviroment/Interactables/AssaultRifle/AmmoCounter/T_Display_15.uasset" 475
"../../../../../../Users/ibrah/Documents/GitHub/HaloReach/Content/Enviroment/Interactables/AssaultRifle/AmmoCounter/T_Display_14.uasset" 476
"../../../../../../Users/ibrah/Documents/GitHub/HaloReach/Content/Enviroment/Interactables/AssaultRifle/AmmoCounter/T_Display_13.uasset" 477
"../../../../../../Users/ibrah/Documents/GitHub/HaloReach/Content/Enviroment/Interactables/AssaultRifle/AmmoCounter/T_Display_12.uasset" 478
"../../../../../../Users/ibrah/Documents/GitHub/HaloReach/Content/Enviroment/Interactables/AssaultRifle/AmmoCounter/T_Display_11.uasset" 479
"../../../../../../Users/ibrah/Documents/GitHub/HaloReach/Content/Enviroment/Interactables/AssaultRifle/AmmoCounter/T_Display_10.uasset" 480
"../../../../../../Users/ibrah/Documents/GitHub/HaloReach/Content/Enviroment/Interactables/AssaultRifle/AmmoCounter/T_Display_09.uasset" 481
"../../../../../../Users/ibrah/Documents/GitHub/HaloReach/Content/Enviroment/Interactables/AssaultRifle/AmmoCounter/T_Display_08.uasset" 482
"../../../../../../Users/ibrah/Documents/GitHub/HaloReach/Content/Enviroment/Interactables/AssaultRifle/AmmoCounter/T_Display_07.uasset" 483
"../../../../../../Users/ibrah/Documents/GitHub/HaloReach/Content/Enviroment/Interactables/AssaultRifle/AmmoCounter/T_Display_05.uasset" 484
"../../../../../../Users/ibrah/Documents/GitHub/HaloReach/Content/Enviroment/Interactables/AssaultRifle/AmmoCounter/T_Display_04.uasset" 485
"../../../../../../Users/ibrah/Documents/GitHub/HaloReach/Content/Enviroment/Interactables/AssaultRifle/AmmoCounter/T_Display_03.uasset" 486
"../../../../../../Users/ibrah/Documents/GitHub/HaloReach/Content/Enviroment/Interactables/AssaultRifle/AmmoCounter/T_Display_02.uasset" 487
"../../../../../../Users/ibrah/Documents/GitHub/HaloReach/Content/Enviroment/Interactables/AssaultRifle/AmmoCounter/T_Display_01.uasset" 488
"../../../../../../Users/ibrah/Documents/GitHub/HaloReach/Content/Enviroment/Interactables/AssaultRifle/AmmoCounter/T_Display_00.uasset" 489
"../../../../../../Users/ibrah/Documents/GitHub/HaloReach/Content/Enviroment/Interactables/AssaultRifle/Curve_Yaw.uasset" 490
"../../../../../../Users/ibrah/Documents/GitHub/HaloReach/Content/Enviroment/Interactables/AssaultRifle/Curve_Return.uasset" 491
"../../../../../../Users/ibrah/Documents/GitHub/HaloReach/Content/Enviroment/Interactables/AssaultRifle/Curve_Pitch.uasset" 492
"../../../../../../Users/ibrah/Documents/GitHub/HaloReach/Content/Enviroment/Interactables/AssaultRifle/Curve_Default.uasset" 493
"../../../../../../Users/ibrah/Documents/GitHub/HaloReach/Content/Enviroment/Interactables/AssaultRifle/Curve_AR_CHSpread.uasset" 494
"../../../../../../Users/ibrah/Documents/GitHub/HaloReach/Content/Enviroment/Equipment/Assult_Rifle/Parts/SM_AR_Magazine.uasset" 495
"../../../../../../Users/ibrah/Documents/GitHub/HaloReach/Content/Enviroment/Interactables/AssaultRifle/BP_AssaultRifleMagazie3P.uasset" 496
"../../../../../../Users/ibrah/Documents/GitHub/HaloReach/Content/Player/Characters/3P_Animations/Rifle/Combat/AM_3P_RifleReload.uasset" 497
"../../../../../../Users/ibrah/Documents/GitHub/HaloReach/Content/Player/Characters/3P_Animations/Rifle/Combat/Rifle_Block.uasset" 498
"../../../../../../Users/ibrah/Documents/GitHub/HaloReach/Content/Player/Characters/3P_Animations/Rifle/Combat/AM_3P_RifleMelee_Trimmed.uasset" 499
"../../../../../../Users/ibrah/Documents/GitHub/HaloReach/Content/Player/Characters/3P_Animations/Rifle/Combat/Rifle_Fire.uasset" 500
"../../../../../../Users/ibrah/Documents/GitHub/HaloReach/Content/WeaponEffectsPack/WeaponEffects/ShellEject/M_ShellEjectMetal.uasset" 501
"../../../../../../Users/ibrah/Documents/GitHub/HaloReach/Content/WeaponEffectsPack/WeaponEffects/ShellEject/SM_ShellEject.uasset" 502
"../../../../../../Users/ibrah/Documents/GitHub/HaloReach/Content/WeaponEffectsPack/WeaponEffects/ShellEject/P_DefaultShellEject.uasset" 503
"../../../../../../Users/ibrah/Documents/GitHub/HaloReach/Content/Player/Characters/3P_Animations/Rifle/Combat/AM_3P_RifleFire.uasset" 504
"../../../../../../Users/ibrah/Documents/GitHub/HaloReach/Content/Enviroment/Interactables/AssaultRifle/AmmoCounter/T_Display_05__1_.uasset" 505
"../../../../../../Users/ibrah/Documents/GitHub/HaloReach/Content/Player/Characters/3P_Animations/Rifle/Combat/Rifle_Pull_Out.uasset" 506
"../../../../../../Users/ibrah/Documents/GitHub/HaloReach/Content/Player/Characters/3P_Animations/Rifle/Combat/AM_3P_RifleEquip.uasset" 507
"../../../../../../Users/ibrah/Documents/GitHub/HaloReach/Content/Sounds/AssaultRifle/S_AssaultRifle_Melee.uasset" 508
"../../../../../../Users/ibrah/Documents/GitHub/HaloReach/Content/Player/Characters/1P_Animations/Rifle_Animations/Melee/A_Arms_RU74_Melee.uasset" 509
"../../../../../../Users/ibrah/Documents/GitHub/HaloReach/Content/Player/Characters/1P_Animations/Rifle_Animations/Melee/AM_1P_RifleMelee.uasset" 510
"../../../../../../Users/ibrah/Documents/GitHub/HaloReach/Content/Sounds/AssaultRifle/S_AssaultRifle_Fire3.uasset" 511
"../../../../../../Users/ibrah/Documents/GitHub/HaloReach/Content/Player/Characters/1P_Animations/Rifle_Animations/A_Arms_RU74_Shoot02.uasset" 512
"../../../../../../Users/ibrah/Documents/GitHub/HaloReach/Content/Player/Characters/1P_Animations/Rifle_Animations/AM_1P_RifleShoot.uasset" 513
"../../../../../../Users/ibrah/Documents/GitHub/HaloReach/Content/Sounds/AssaultRifle/S_AssaultRifle_Reload.uasset" 514
"../../../../../../Users/ibrah/Documents/GitHub/HaloReach/Content/Helper_Packs/FPS_Assault_Pack/Animations/RU74/A_Arms_RU74_Reload.uasset" 515
"../../../../../../Users/ibrah/Documents/GitHub/HaloReach/Content/Enviroment/Interactables/AssaultRifle/BP_AssaultRifleMagazie.uasset" 516
"../../../../../../Users/ibrah/Documents/GitHub/HaloReach/Content/Player/Characters/1P_Animations/Rifle_Animations/AM_1P_Rifle_Reload.uasset" 517
"../../../../../../Users/ibrah/Documents/GitHub/HaloReach/Content/Enviroment/Interactables/AssaultRifle/BP_AR_CameraShake.uasset" 518
"../../../../../../Users/ibrah/Documents/GitHub/HaloReach/Content/Sounds/AssaultRifle/S_AssaultRifle_Equip.uasset" 519
"../../../../../../Users/ibrah/Documents/GitHub/HaloReach/Content/Helper_Packs/FPS_Assault_Pack/Animations/Rifle/A_Arms_Rifle_Equip.uasset" 520
"../../../../../../Users/ibrah/Documents/GitHub/HaloReach/Content/Player/Characters/1P_Animations/Rifle_Animations/AM_1P_RifleEquip.uasset" 521
"../../../../../../Users/ibrah/Documents/GitHub/HaloReach/Content/Enviroment/Interactables/AssaultRifle/BP_AssaultRifle.uasset" 522
"../../../../../../Users/ibrah/Documents/GitHub/HaloReach/Content/UI/Weapon_Icons/Icons/T_PlasmaGrenade.uasset" 523
"../../../../../../Users/ibrah/Documents/GitHub/HaloReach/Content/Enviroment/Equipment/Grenade/PlasmaGrenade/halo_grenade_texture2.uasset" 524
"../../../../../../Users/ibrah/Documents/GitHub/HaloReach/Content/Enviroment/Equipment/Grenade/PlasmaGrenade/halo_grenade_text22ure.uasset" 525
"../../../../../../Users/ibrah/Documents/GitHub/HaloReach/Content/Enviroment/Equipment/Grenade/PlasmaGrenade/base_graffiata.uasset" 526
"../../../../../../Users/ibrah/Documents/GitHub/HaloReach/Content/Enviroment/Equipment/Grenade/PlasmaGrenade/M_PlasmaGrenade.uasset" 527
"../../../../../../Users/ibrah/Documents/GitHub/HaloReach/Content/Enviroment/Equipment/Grenade/PlasmaGrenade/SM_PlasmaGrenade.uasset" 528
"../../../../../../Users/ibrah/Documents/GitHub/HaloReach/Content/Enviroment/Equipment/Grenade/PlasmaGrenade/S_PlasmaExplosion.uasset" 529
"../../../../../../Users/ibrah/Documents/GitHub/HaloReach/Content/StarterContent/Textures/T_Smoke_Tiled_D.uasset" 530
"../../../../../../Users/ibrah/Documents/GitHub/HaloReach/Content/StarterContent/Textures/T_Smoke_SubUV.uasset" 531
"../../../../../../Users/ibrah/Documents/GitHub/HaloReach/Content/StarterContent/Particles/Materials/M_smoke_subUV.uasset" 532
"../../../Engine/Content/Functions/Engine_MaterialFunctions01/Gradient/RadialGradient.uasset" 533
"../../../../../../Users/ibrah/Documents/GitHub/HaloReach/Content/StarterContent/Particles/Materials/M_radial_ramp.uasset" 534
"../../../../../../Users/ibrah/Documents/GitHub/HaloReach/Content/StarterContent/Particles/Materials/m_flare_01.uasset" 535
"../../../../../../Users/ibrah/Documents/GitHub/HaloReach/Content/StarterContent/Textures/T_Explosion_SubUV.uasset" 536
"../../../../../../Users/ibrah/Documents/GitHub/HaloReach/Content/StarterContent/Particles/Materials/M_explosion_subUV.uasset" 537
"../../../../../../Users/ibrah/Documents/GitHub/HaloReach/Content/StarterContent/Textures/T_Burst_M.uasset" 538
"../../../../../../Users/ibrah/Documents/GitHub/HaloReach/Content/StarterContent/Particles/Materials/M_Burst.uasset" 539
"../../../../../../Users/ibrah/Documents/GitHub/HaloReach/Content/Enviroment/Equipment/Grenade/PlasmaGrenade/P_PlasmaExplosion.uasset" 540
"../../../../../../Users/ibrah/Documents/GitHub/HaloReach/Content/Enviroment/Equipment/Grenade/BP_PlasmaGrenade.uasset" 541
"../../../../../../Users/ibrah/Documents/GitHub/HaloReach/Content/UI/Weapon_Icons/Icons/T_Grenade.uasset" 542
"../../../../../../Users/ibrah/Documents/GitHub/HaloReach/Content/StarterContent/Particles/P_Explosion.uasset" 543
"../../../../../../Users/ibrah/Documents/GitHub/HaloReach/Content/StarterContent/Audio/Explosion01.uasset" 544
"../../../../../../Users/ibrah/Documents/GitHub/HaloReach/Content/Enviroment/Equipment/Grenade/FragGrenade/grenade_Roughness.uasset" 545
"../../../../../../Users/ibrah/Documents/GitHub/HaloReach/Content/Enviroment/Equipment/Grenade/FragGrenade/grenade_Normal_OpenGL.uasset" 546
"../../../../../../Users/ibrah/Documents/GitHub/HaloReach/Content/Enviroment/Equipment/Grenade/FragGrenade/grenade_Mixed_AO.uasset" 547
"../../../../../../Users/ibrah/Documents/GitHub/HaloReach/Content/Enviroment/Equipment/Grenade/FragGrenade/grenade_Metallic.uasset" 548
"../../../../../../Users/ibrah/Documents/GitHub/HaloReach/Content/Enviroment/Equipment/Grenade/FragGrenade/grenade_Base_Color.uasset" 549
"../../../../../../Users/ibrah/Documents/GitHub/HaloReach/Content/Enviroment/Equipment/Grenade/FragGrenade/grenade_002.uasset" 550
"../../../../../../Users/ibrah/Documents/GitHub/HaloReach/Content/Enviroment/Equipment/Grenade/FragGrenade/Frag_Grenade.uasset" 551
"../../../../../../Users/ibrah/Documents/GitHub/HaloReach/Content/Enviroment/Equipment/Grenade/BP_FragGrenade.uasset" 552
"../../../../../../Users/ibrah/Documents/GitHub/HaloReach/Content/Player/Characters/MKV/Textures/Undersuit/Spartan_Undersuit_Mat_Specular.uasset" 553
"../../../../../../Users/ibrah/Documents/GitHub/HaloReach/Content/Player/Characters/MKV/Textures/Undersuit/Spartan_Undersuit_Mat_Roughness.uasset" 554
"../../../../../../Users/ibrah/Documents/GitHub/HaloReach/Content/Player/Characters/MKV/Textures/Undersuit/Spartan_Undersuit_Mat_Normal.uasset" 555
"../../../../../../Users/ibrah/Documents/GitHub/HaloReach/Content/Player/Characters/MKV/Textures/Undersuit/Spartan_Undersuit_Mat_Metallic.uasset" 556
"../../../../../../Users/ibrah/Documents/GitHub/HaloReach/Content/Player/Characters/MKV/Textures/Undersuit/Spartan_Undersuit_Mat_BaseColor.uasset" 557
"../../../../../../Users/ibrah/Documents/GitHub/HaloReach/Content/Player/Characters/MKV/Textures/Undersuit/Spartan_Undersuit_Mat_AO.uasset" 558
"../../../../../../Users/ibrah/Documents/GitHub/HaloReach/Content/Player/Characters/MKV/Textures/Undersuit/Spartan_Undersuit_Mat.uasset" 559
"../../../../../../Users/ibrah/Documents/GitHub/HaloReach/Content/Player/Characters/MKV/Textures/Shoulder/ODST_Shoulder_Mat_Specular.uasset" 560
"../../../../../../Users/ibrah/Documents/GitHub/HaloReach/Content/Player/Characters/MKV/Textures/Shoulder/ODST_Shoulder_Mat_Roughness.uasset" 561
"../../../../../../Users/ibrah/Documents/GitHub/HaloReach/Content/Player/Characters/MKV/Textures/Shoulder/ODST_Shoulder_Mat_Normal.uasset" 562
"../../../../../../Users/ibrah/Documents/GitHub/HaloReach/Content/Player/Characters/MKV/Textures/Shoulder/ODST_Shoulder_Mat_Metallic.uasset" 563
"../../../../../../Users/ibrah/Documents/GitHub/HaloReach/Content/Player/Characters/MKV/Textures/Shoulder/ODST_Shoulder_Mat_BaseColor.uasset" 564
"../../../../../../Users/ibrah/Documents/GitHub/HaloReach/Content/Player/Characters/MKV/Textures/Shoulder/ODST_Shoulder_Mat_AO.uasset" 565
"../../../../../../Users/ibrah/Documents/GitHub/HaloReach/Content/Player/Characters/MKV/Textures/Shoulder/Spartan_Shoulders_Mat.uasset" 566
"../../../../../../Users/ibrah/Documents/GitHub/HaloReach/Content/Player/Characters/MKV/Textures/Legs/Spartan_Legs_Mat_Specular.uasset" 567
"../../../../../../Users/ibrah/Documents/GitHub/HaloReach/Content/Player/Characters/MKV/Textures/Legs/Spartan_Legs_Mat_Roughness.uasset" 568
"../../../../../../Users/ibrah/Documents/GitHub/HaloReach/Content/Player/Characters/MKV/Textures/Legs/Spartan_Legs_Mat_Normal.uasset" 569
"../../../../../../Users/ibrah/Documents/GitHub/HaloReach/Content/Player/Characters/MKV/Textures/Legs/Spartan_Legs_Mat_Metallic.uasset" 570
"../../../../../../Users/ibrah/Documents/GitHub/HaloReach/Content/Player/Characters/MKV/Textures/Legs/Spartan_Legs_Mat_BaseColor.uasset" 571
"../../../../../../Users/ibrah/Documents/GitHub/HaloReach/Content/Player/Characters/MKV/Textures/Legs/Spartan_Legs_Mat_AO.uasset" 572
"../../../../../../Users/ibrah/Documents/GitHub/HaloReach/Content/Player/Characters/MKV/Textures/Legs/Spartan_Legs_Mat.uasset" 573
"../../../../../../Users/ibrah/Documents/GitHub/HaloReach/Content/Player/Characters/MKV/Textures/lambert1_Roughness.uasset" 574
"../../../../../../Users/ibrah/Documents/GitHub/HaloReach/Content/Player/Characters/MKV/Textures/lambert1_Nrm.uasset" 575
"../../../../../../Users/ibrah/Documents/GitHub/HaloReach/Content/Player/Characters/MKV/Textures/lambert1_Colour-Opacity.uasset" 576
"../../../../../../Users/ibrah/Documents/GitHub/HaloReach/Content/Player/Characters/MKV/Textures/lambert1.uasset" 577
"../../../../../../Users/ibrah/Documents/GitHub/HaloReach/Content/Player/Characters/MKV/Textures/Helmet/Spartan_Helmet_Mat_Specular.uasset" 578
"../../../../../../Users/ibrah/Documents/GitHub/HaloReach/Content/Player/Characters/MKV/Textures/Helmet/Spartan_Helmet_Mat_Roughness.uasset" 579
"../../../../../../Users/ibrah/Documents/GitHub/HaloReach/Content/Player/Characters/MKV/Textures/Helmet/Spartan_Helmet_Mat_Normal.uasset" 580
"../../../../../../Users/ibrah/Documents/GitHub/HaloReach/Content/Player/Characters/MKV/Textures/Helmet/Spartan_Helmet_Mat_Metallic.uasset" 581
"../../../../../../Users/ibrah/Documents/GitHub/HaloReach/Content/Player/Characters/MKV/Textures/Helmet/Spartan_Helmet_Mat_BaseColor.uasset" 582
"../../../../../../Users/ibrah/Documents/GitHub/HaloReach/Content/Player/Characters/MKV/Textures/Helmet/Spartan_Helmet_Mat_AO.uasset" 583
"../../../../../../Users/ibrah/Documents/GitHub/HaloReach/Content/Player/Characters/MKV/Textures/Helmet/Spartan_Helmet_Mat.uasset" 584
"../../../../../../Users/ibrah/Documents/GitHub/HaloReach/Content/Player/Characters/MKV/Textures/ears/Spartan_Ears_Mat_Specular.uasset" 585
"../../../../../../Users/ibrah/Documents/GitHub/HaloReach/Content/Player/Characters/MKV/Textures/ears/Spartan_Ears_Mat_Roughness.uasset" 586
"../../../../../../Users/ibrah/Documents/GitHub/HaloReach/Content/Player/Characters/MKV/Textures/ears/Spartan_Ears_Mat_Normal.uasset" 587
"../../../../../../Users/ibrah/Documents/GitHub/HaloReach/Content/Player/Characters/MKV/Textures/ears/Spartan_Ears_Mat_Metallic.uasset" 588
"../../../../../../Users/ibrah/Documents/GitHub/HaloReach/Content/Player/Characters/MKV/Textures/ears/Spartan_Ears_Mat_BaseColor.uasset" 589
"../../../../../../Users/ibrah/Documents/GitHub/HaloReach/Content/Player/Characters/MKV/Textures/ears/Spartan_Ears_Mat_AO.uasset" 590
"../../../../../../Users/ibrah/Documents/GitHub/HaloReach/Content/Player/Characters/MKV/Textures/ears/Spartan_Ear_Mat.uasset" 591
"../../../../../../Users/ibrah/Documents/GitHub/HaloReach/Content/Player/Characters/MKV/Textures/chest/Spartan_Chest_Mat_Specular.uasset" 592
"../../../../../../Users/ibrah/Documents/GitHub/HaloReach/Content/Player/Characters/MKV/Textures/chest/Spartan_Chest_Mat_Roughness.uasset" 593
"../../../../../../Users/ibrah/Documents/GitHub/HaloReach/Content/Player/Characters/MKV/Textures/chest/Spartan_Chest_Mat_Normal.uasset" 594
"../../../../../../Users/ibrah/Documents/GitHub/HaloReach/Content/Player/Characters/MKV/Textures/chest/Spartan_Chest_Mat_Metallic.uasset" 595
"../../../../../../Users/ibrah/Documents/GitHub/HaloReach/Content/Player/Characters/MKV/Textures/chest/Spartan_Chest_Mat_BaseColor.uasset" 596
"../../../../../../Users/ibrah/Documents/GitHub/HaloReach/Content/Player/Characters/MKV/Textures/chest/Spartan_Chest_Mat_AO.uasset" 597
"../../../../../../Users/ibrah/Documents/GitHub/HaloReach/Content/Player/Characters/MKV/Textures/chest/Spartan_Chest_Mat.uasset" 598
"../../../../../../Users/ibrah/Documents/GitHub/HaloReach/Content/Player/Characters/MKV/Textures/Arms/Spartan_Arms_Mat_Specular.uasset" 599
"../../../../../../Users/ibrah/Documents/GitHub/HaloReach/Content/Player/Characters/MKV/Textures/Arms/Spartan_Arms_Mat_Roughness.uasset" 600
"../../../../../../Users/ibrah/Documents/GitHub/HaloReach/Content/Player/Characters/MKV/Textures/Arms/Spartan_Arms_Mat_Normal.uasset" 601
"../../../../../../Users/ibrah/Documents/GitHub/HaloReach/Content/Player/Characters/MKV/Textures/Arms/Spartan_Arms_Mat_Metallic.uasset" 602
"../../../../../../Users/ibrah/Documents/GitHub/HaloReach/Content/Player/Characters/MKV/Textures/Arms/Spartan_Arms_Mat_BaseColor.uasset" 603
"../../../../../../Users/ibrah/Documents/GitHub/HaloReach/Content/Player/Characters/MKV/Textures/Arms/Spartan_Arms_Mat_AO.uasset" 604
"../../../../../../Users/ibrah/Documents/GitHub/HaloReach/Content/Player/Characters/MKV/Textures/Arms/Spartan_Arms_Mat.uasset" 605
"../../../../../../Users/ibrah/Documents/GitHub/HaloReach/Content/Enviroment/Materials/PhysMat_FleshVulnerable.uasset" 606
"../../../../../../Users/ibrah/Documents/GitHub/HaloReach/Content/Enviroment/Materials/PhysMat_FleshDefault.uasset" 607
"../../../../../../Users/ibrah/Documents/GitHub/HaloReach/Content/Player/Characters/MKV/MK_Skel_PhysicsAsset.uasset" 608
"../../../../../../Users/ibrah/Documents/GitHub/HaloReach/Content/Player/Characters/MKV/SK_MKV.uasset" 609
"../../../../../../Users/ibrah/Documents/GitHub/HaloReach/Content/Helper_Packs/StarterContent/Particles/Materials/M_Radial_Gradient.uasset" 610
"../../../../../../Users/ibrah/Documents/GitHub/HaloReach/Content/Helper_Packs/StarterContent/Textures/T_Water_N.uasset" 611
"../../../../../../Users/ibrah/Documents/GitHub/HaloReach/Content/Helper_Packs/StarterContent/Particles/Materials/M_Heat_Distortion.uasset" 612
"../../../../../../Users/ibrah/Documents/GitHub/HaloReach/Content/Helper_Packs/StarterContent/Textures/T_Fire_Tiled_D.uasset" 613
"../../../../../../Users/ibrah/Documents/GitHub/HaloReach/Content/Helper_Packs/StarterContent/Textures/T_Fire_SubUV.uasset" 614
"../../../../../../Users/ibrah/Documents/GitHub/HaloReach/Content/Helper_Packs/StarterContent/Particles/Materials/M_Fire_SubUV.uasset" 615
"../../../../../../Users/ibrah/Documents/GitHub/HaloReach/Content/Helper_Packs/StarterContent/Textures/T_Smoke_Tiled_D.uasset" 616
"../../../../../../Users/ibrah/Documents/GitHub/HaloReach/Content/Helper_Packs/StarterContent/Textures/T_Smoke_SubUV.uasset" 617
"../../../../../../Users/ibrah/Documents/GitHub/HaloReach/Content/Helper_Packs/StarterContent/Particles/Materials/M_smoke_subUV.uasset" 618
"../../../../../../Users/ibrah/Documents/GitHub/HaloReach/Content/Helper_Packs/StarterContent/Particles/P_Fire.uasset" 619
"../../../../../../Users/ibrah/Documents/GitHub/HaloReach/Content/BP_Target.uasset" 620
"../../../../../../Users/ibrah/Documents/GitHub/HaloReach/Content/Player/BP_PlayerCharacter.uasset" 621
"../../../../../../Users/ibrah/Documents/GitHub/HaloReach/Content/Player/BP_PlayerController.uasset" 622
"../../../../../../Users/ibrah/Documents/GitHub/HaloReach/Content/Game/BP_ReachPlayerstate.uasset" 623
"../../../../../../Users/ibrah/Documents/GitHub/HaloReach/Content/BP_MainMenu_Gamemode.uasset" 624
"../../../../../../Users/ibrah/Documents/GitHub/HaloReach/Content/Levels/MainMenu.umap" 625
"../../../Engine/Content/MapTemplates/SM_Template_Map_Floor.uasset" 626
"../../../Engine/Content/EngineSky/T_Sky_Stars.uasset" 627
"../../../Engine/Content/EngineSky/T_Sky_Clouds_M.uasset" 628
"../../../Engine/Content/EngineSky/T_Sky_Blue.uasset" 629
"../../../Engine/Content/EngineSky/M_Sky_Panning_Clouds2.uasset" 630
"../../../Engine/Content/EngineSky/SM_SkySphere.uasset" 631
"../../../Engine/Content/EngineSky/C_Sky_Zenith_Color.uasset" 632
"../../../Engine/Content/EngineSky/C_Sky_Horizon_Color.uasset" 633
"../../../Engine/Content/EngineSky/C_Sky_Cloud_Color.uasset" 634
"../../../Engine/Content/EngineSky/BP_Sky_Sphere.uasset" 635
"../../../../../../Users/ibrah/Documents/GitHub/HaloReach/Content/Vechiles/Warthog/wire_174186203.uasset" 636
"../../../../../../Users/ibrah/Documents/GitHub/HaloReach/Content/Vechiles/Warthog/wire_028089177.uasset" 637
"../../../../../../Users/ibrah/Documents/GitHub/HaloReach/Content/Vechiles/Warthog/T_warthog.uasset" 638
"../../../../../../Users/ibrah/Documents/GitHub/HaloReach/Content/Vechiles/Warthog/warthog_hull.uasset" 639
"../../../../../../Users/ibrah/Documents/GitHub/HaloReach/Content/Vechiles/Warthog/warthog_chaingun.uasset" 640
"../../../../../../Users/ibrah/Documents/GitHub/HaloReach/Content/Vechiles/Warthog/warthog_chain_gun.uasset" 641
"../../../../../../Users/ibrah/Documents/GitHub/HaloReach/Content/Vechiles/Warthog/warthog_tires.uasset" 642
"../../../../../../Users/ibrah/Documents/GitHub/HaloReach/Content/Vechiles/Warthog/tires.uasset" 643
"../../../../../../Users/ibrah/Documents/GitHub/HaloReach/Content/Vechiles/Warthog/Warthog.uasset" 644
"../../../../../../Users/ibrah/Documents/GitHub/HaloReach/Content/Vechiles/Pelican/Tail2/Reach_pelican_DefaultMaterial_Normal.uasset" 645
"../../../../../../Users/ibrah/Documents/GitHub/HaloReach/Content/Vechiles/Pelican/Tail2/Reach_pelican_DefaultMaterial_BaseColor.uasset" 646
"../../../../../../Users/ibrah/Documents/GitHub/HaloReach/Content/Vechiles/Pelican/Tail2/M_PelicanDefault.uasset" 647
"../../../../../../Users/ibrah/Documents/GitHub/HaloReach/Content/Vechiles/Pelican/Pelican_Separated__Tail_lower_002.uasset" 648
"../../../../../../Users/ibrah/Documents/GitHub/HaloReach/Content/Vechiles/Pelican/Tail/Reach_pelican_Tail_Normal.uasset" 649
"../../../../../../Users/ibrah/Documents/GitHub/HaloReach/Content/Vechiles/Pelican/Tail/Reach_pelican_Tail_BaseColor.uasset" 650
"../../../../../../Users/ibrah/Documents/GitHub/HaloReach/Content/Vechiles/Pelican/Tail/Tail.uasset" 651
"../../../../../../Users/ibrah/Documents/GitHub/HaloReach/Content/Vechiles/Pelican/Pelican_Separated__Tail_002.uasset" 652
"../../../../../../Users/ibrah/Documents/GitHub/HaloReach/Content/Vechiles/Pelican/Nosedeco/Reach_pelican_nosedeco_001_Normal.uasset" 653
"../../../../../../Users/ibrah/Documents/GitHub/HaloReach/Content/Vechiles/Pelican/Nosedeco/Reach_pelican_nosedeco_001_BaseColor.uasset" 654
"../../../../../../Users/ibrah/Documents/GitHub/HaloReach/Content/Vechiles/Pelican/Nosedeco/nosedeco_001.uasset" 655
"../../../../../../Users/ibrah/Documents/GitHub/HaloReach/Content/Vechiles/Pelican/Pelican_Separated__Nose_detail_002.uasset" 656
"../../../../../../Users/ibrah/Documents/GitHub/HaloReach/Content/Vechiles/Pelican/Nose/Reach_pelican_nose_001_Normal.uasset" 657
"../../../../../../Users/ibrah/Documents/GitHub/HaloReach/Content/Vechiles/Pelican/Nose/Reach_pelican_nose_001_BaseColor.uasset" 658
"../../../../../../Users/ibrah/Documents/GitHub/HaloReach/Content/Vechiles/Pelican/Nose/nose_001.uasset" 659
"../../../../../../Users/ibrah/Documents/GitHub/HaloReach/Content/Vechiles/Pelican/Pelican_Separated__Nose_002.uasset" 660
"../../../../../../Users/ibrah/Documents/GitHub/HaloReach/Content/Vechiles/Pelican/LandingLegs/Reach_pelican_Landing_legs_Normal.uasset" 661
"../../../../../../Users/ibrah/Documents/GitHub/HaloReach/Content/Vechiles/Pelican/LandingLegs/Reach_pelican_Landing_legs_BaseColor.uasset" 662
"../../../../../../Users/ibrah/Documents/GitHub/HaloReach/Content/Vechiles/Pelican/LandingLegs/Landing_legs.uasset" 663
"../../../../../../Users/ibrah/Documents/GitHub/HaloReach/Content/Vechiles/Pelican/Pelican_Separated__lANDING_LEG_002.uasset" 664
"../../../../../../Users/ibrah/Documents/GitHub/HaloReach/Content/Vechiles/Pelican/ligth.uasset" 665
"../../../../../../Users/ibrah/Documents/GitHub/HaloReach/Content/Vechiles/Pelican/InteriorBase/Reach_pelican_interior_base_Normal.uasset" 666
"../../../../../../Users/ibrah/Documents/GitHub/HaloReach/Content/Vechiles/Pelican/InteriorBase/Reach_pelican_interior_base_BaseColor.uasset" 667
"../../../../../../Users/ibrah/Documents/GitHub/HaloReach/Content/Vechiles/Pelican/InteriorBase/interior_base.uasset" 668
"../../../../../../Users/ibrah/Documents/GitHub/HaloReach/Content/Vechiles/Pelican/Pelican_Separated__Interior_pilot_seats_002.uasset" 669
"../../../../../../Users/ibrah/Documents/GitHub/HaloReach/Content/Vechiles/Pelican/Vent/Reach_pelican_Vent_Normal.uasset" 670
"../../../../../../Users/ibrah/Documents/GitHub/HaloReach/Content/Vechiles/Pelican/Vent/Reach_pelican_Vent_BaseColor.uasset" 671
"../../../../../../Users/ibrah/Documents/GitHub/HaloReach/Content/Vechiles/Pelican/InsideVent/Inside_vent.uasset" 672
"../../../../../../Users/ibrah/Documents/GitHub/HaloReach/Content/Vechiles/Pelican/Base/Reach_pelican_base_Normal.uasset" 673
"../../../../../../Users/ibrah/Documents/GitHub/HaloReach/Content/Vechiles/Pelican/Base/Reach_pelican_base_BaseColor.uasset" 674
"../../../../../../Users/ibrah/Documents/GitHub/HaloReach/Content/Vechiles/Pelican/Base/base.uasset" 675
"../../../../../../Users/ibrah/Documents/GitHub/HaloReach/Content/Vechiles/Pelican/Pelican_Separated__Interior_passenger_seats_002.uasset" 676
"../../../../../../Users/ibrah/Documents/GitHub/HaloReach/Content/Vechiles/Pelican/Vent/Vent.uasset" 677
"../../../../../../Users/ibrah/Documents/GitHub/HaloReach/Content/Vechiles/Pelican/Pelican_Separated__Hull_back_vent_folds_002.uasset" 678
"../../../../../../Users/ibrah/Documents/GitHub/HaloReach/Content/Vechiles/Pelican/Pelican_Separated__Hull_back_vent_002.uasset" 679
"../../../../../../Users/ibrah/Documents/GitHub/HaloReach/Content/Vechiles/Pelican/HullBack/Reach_pelican_Hull_back_Normal.uasset" 680
"../../../../../../Users/ibrah/Documents/GitHub/HaloReach/Content/Vechiles/Pelican/HullBack/Reach_pelican_Hull_back_BaseColor.uasset" 681
"../../../../../../Users/ibrah/Documents/GitHub/HaloReach/Content/Vechiles/Pelican/HullBack/Hull_back.uasset" 682
"../../../../../../Users/ibrah/Documents/GitHub/HaloReach/Content/Vechiles/Pelican/Pelican_Separated__Hull_back_002.uasset" 683
"../../../../../../Users/ibrah/Documents/GitHub/HaloReach/Content/Vechiles/Pelican/HullArmour/Reach_pelican_Hull_armor_Normal.uasset" 684
"../../../../../../Users/ibrah/Documents/GitHub/HaloReach/Content/Vechiles/Pelican/HullArmour/Reach_pelican_Hull_armor_BaseColor.uasset" 685
"../../../../../../Users/ibrah/Documents/GitHub/HaloReach/Content/Vechiles/Pelican/HullArmour/Hull_armor.uasset" 686
"../../../../../../Users/ibrah/Documents/GitHub/HaloReach/Content/Vechiles/Pelican/Pelican_Separated__HUll_armor_1_002.uasset" 687
"../../../../../../Users/ibrah/Documents/GitHub/HaloReach/Content/Vechiles/Pelican/CockpitTubes/Reach_pelican_Cockpit_tubes_Normal.uasset" 688
"../../../../../../Users/ibrah/Documents/GitHub/HaloReach/Content/Vechiles/Pelican/CockpitTubes/Reach_pelican_Cockpit_tubes_BaseColor.uasset" 689
"../../../../../../Users/ibrah/Documents/GitHub/HaloReach/Content/Vechiles/Pelican/CockpitTubes/Cockpit_tubes.uasset" 690
"../../../../../../Users/ibrah/Documents/GitHub/HaloReach/Content/Vechiles/Pelican/Pelican_Separated__Glass_metal_002.uasset" 691
"../../../../../../Users/ibrah/Documents/GitHub/HaloReach/Content/Vechiles/Pelican/Cockpit_Holer/Reach_pelican_Cockpit_holer_Normal.uasset" 692
"../../../../../../Users/ibrah/Documents/GitHub/HaloReach/Content/Vechiles/Pelican/Cockpit_Holer/Reach_pelican_Cockpit_holer_BaseColor.uasset" 693
"../../../../../../Users/ibrah/Documents/GitHub/HaloReach/Content/Vechiles/Pelican/Cockpit_Holer/Cockpit_holer.uasset" 694
"../../../../../../Users/ibrah/Documents/GitHub/HaloReach/Content/Vechiles/Pelican/Pelican_Separated__Glass_back_metal_002.uasset" 695
"../../../../../../Users/ibrah/Documents/GitHub/HaloReach/Content/Vechiles/Pelican/FrontCockpitGlass/Reach_pelican_glass_Normal.uasset" 696
"../../../../../../Users/ibrah/Documents/GitHub/HaloReach/Content/Vechiles/Pelican/FrontCockpitGlass/Reach_pelican_glass_BaseColor.uasset" 697
"../../../../../../Users/ibrah/Documents/GitHub/HaloReach/Content/Vechiles/Pelican/FrontCockpitGlass/M_PelicanGlass.uasset" 698
"../../../../../../Users/ibrah/Documents/GitHub/HaloReach/Content/Vechiles/Pelican/Pelican_Separated__Front_glass_002.uasset" 699
"../../../../../../Users/ibrah/Documents/GitHub/HaloReach/Content/Vechiles/Pelican/FrontEngine/Reach_pelican_Front_engine_Normal.uasset" 700
"../../../../../../Users/ibrah/Documents/GitHub/HaloReach/Content/Vechiles/Pelican/FrontEngine/Reach_pelican_Front_engine_BaseColor.uasset" 701
"../../../../../../Users/ibrah/Documents/GitHub/HaloReach/Content/Vechiles/Pelican/FrontEngine/Front_engine.uasset" 702
"../../../../../../Users/ibrah/Documents/GitHub/HaloReach/Content/Vechiles/Pelican/Pelican_Separated__front_engine.uasset" 703
"../../../../../../Users/ibrah/Documents/GitHub/HaloReach/Content/Vechiles/Pelican/BackEngine/Reach_pelican_Back_engine_Normal.uasset" 704
"../../../../../../Users/ibrah/Documents/GitHub/HaloReach/Content/Vechiles/Pelican/BackEngine/Reach_pelican_Back_engine_BaseColor.uasset" 705
"../../../../../../Users/ibrah/Documents/GitHub/HaloReach/Content/Vechiles/Pelican/BackEngine/Back_engine.uasset" 706
"../../../../../../Users/ibrah/Documents/GitHub/HaloReach/Content/Vechiles/Pelican/Pelican_Separated__Back_engine_002.uasset" 707
"../../../Engine/Content/BasicShapes/Cube.uasset" 708
"../../../Engine/Content/BasicShapes/BasicShapeMaterial.uasset" 709
"../../../../../../Users/ibrah/Documents/GitHub/HaloReach/Content/Levels/The_Lab_BuiltData.uasset" 710
"../../../../../../Users/ibrah/Documents/GitHub/HaloReach/Content/Vechiles/Pelican/BackDoor/Reach_pelican_Back_door_Normal.uasset" 711
"../../../../../../Users/ibrah/Documents/GitHub/HaloReach/Content/Vechiles/Pelican/BackDoor/Reach_pelican_Back_door_BaseColor.uasset" 712
"../../../../../../Users/ibrah/Documents/GitHub/HaloReach/Content/Vechiles/Pelican/BackDoor/Back_door.uasset" 713
"../../../../../../Users/ibrah/Documents/GitHub/HaloReach/Content/Vechiles/Pelican/BackDoorGlass/Reach_pelican_Back_door_glass_Normal.uasset" 714
"../../../../../../Users/ibrah/Documents/GitHub/HaloReach/Content/Vechiles/Pelican/BackDoorGlass/Reach_pelican_Back_door_glass_BaseColor.uasset" 715
"../../../../../../Users/ibrah/Documents/GitHub/HaloReach/Content/Vechiles/Pelican/BackDoorGlass/Back_door_glass.uasset" 716
"../../../../../../Users/ibrah/Documents/GitHub/HaloReach/Content/Vechiles/Pelican/Pelican_Separated__Back_door_002.uasset" 717
"../../../../../../Users/ibrah/Documents/GitHub/HaloReach/Content/Helper_Packs/StarterContent/Textures/T_Metal_Rust_D.uasset" 718
"../../../../../../Users/ibrah/Documents/GitHub/HaloReach/Content/Helper_Packs/StarterContent/Textures/T_Metal_Rust_N.uasset" 719
"../../../../../../Users/ibrah/Documents/GitHub/HaloReach/Content/Helper_Packs/StarterContent/Textures/T_MacroVariation.uasset" 720
"../../../Engine/Content/Functions/Engine_MaterialFunctions02/Utility/BlendAngleCorrectedNormals.uasset" 721
"../../../../../../Users/ibrah/Documents/GitHub/HaloReach/Content/Helper_Packs/StarterContent/Materials/M_Metal_Rust.uasset" 722
"../../../../../../Users/ibrah/Documents/GitHub/HaloReach/Content/Helper_Packs/StarterContent/Materials/M_Metal_Chrome.uasset" 723
"../../../../../../Users/ibrah/Documents/GitHub/HaloReach/Content/Helper_Packs/StarterContent/Textures/T_Metal_Copper_D.uasset" 724
"../../../../../../Users/ibrah/Documents/GitHub/HaloReach/Content/Helper_Packs/StarterContent/Textures/T_Metal_Gold_N.uasset" 725
"../../../../../../Users/ibrah/Documents/GitHub/HaloReach/Content/Helper_Packs/StarterContent/Materials/M_Metal_Copper.uasset" 726
"../../../../../../Users/ibrah/Documents/GitHub/HaloReach/Content/Helper_Packs/StarterContent/Textures/T_Metal_Gold_D.uasset" 727
"../../../../../../Users/ibrah/Documents/GitHub/HaloReach/Content/Helper_Packs/StarterContent/Materials/M_Metal_Gold.uasset" 728
"../../../Engine/Content/EditorMeshes/EditorSphere.uasset" 729
"../../../../../../Users/ibrah/Documents/GitHub/HaloReach/Content/Game/BP_ReachPlayerStart.uasset" 730
"../../../../../../Users/ibrah/Documents/GitHub/HaloReach/Content/UI/PlayerNames/WBP_Test3.uasset" 731
"../../../../../../Users/ibrah/Documents/GitHub/HaloReach/Content/UI/PlayerNames/WBP_Test2.uasset" 732
"../../../../../../Users/ibrah/Documents/GitHub/HaloReach/Content/UI/PlayerNames/WBP_Test.uasset" 733
"../../../../../../Users/ibrah/Documents/GitHub/HaloReach/Content/UI/PlayerNames/WBP_GloablAlertWidget.uasset" 734
"../../../../../../Users/ibrah/Documents/GitHub/HaloReach/Content/UI/PlayerNames/WBP_GlobalDeathUpdate.uasset" 735
"../../../../../../Users/ibrah/Documents/GitHub/HaloReach/Content/UI/ShieldBar_Images/T_ShieldsRight_Full.uasset" 736
"../../../../../../Users/ibrah/Documents/GitHub/HaloReach/Content/UI/ShieldBar_Images/T_ShieldsRight_Empty.uasset" 737
"../../../../../../Users/ibrah/Documents/GitHub/HaloReach/Content/UI/ShieldBar_Images/T_ShieldsLeft_Full.uasset" 738
"../../../../../../Users/ibrah/Documents/GitHub/HaloReach/Content/UI/ShieldBar_Images/T_ShieldsLeft_Empty.uasset" 739
"../../../../../../Users/ibrah/Documents/GitHub/HaloReach/Content/UI/HUD/Crosshair/CH_Outline_Friendly.uasset" 740
"../../../../../../Users/ibrah/Documents/GitHub/HaloReach/Content/UI/HUD/Crosshair/CH_Outline_Enemy.uasset" 741
"../../../../../../Users/ibrah/Documents/GitHub/HaloReach/Content/UI/HUD/Crosshair/CH_Outline_Default.uasset" 742
"../../../../../../Users/ibrah/Documents/GitHub/HaloReach/Content/UI/HUD/Crosshair/WBP_Crosshair2.uasset" 743
"../../../../../../Users/ibrah/Documents/GitHub/HaloReach/Content/UI/Weapon_Icons/T_DMR_Icon.uasset" 744
"../../../../../../Users/ibrah/Documents/GitHub/HaloReach/Content/UI/HealthBar_Images/T_Health_9Bars_Full.uasset" 745
"../../../../../../Users/ibrah/Documents/GitHub/HaloReach/Content/UI/HealthBar_Images/T_Health_8Bars.uasset" 746
"../../../../../../Users/ibrah/Documents/GitHub/HaloReach/Content/UI/HealthBar_Images/T_Health_7Bars.uasset" 747
"../../../../../../Users/ibrah/Documents/GitHub/HaloReach/Content/UI/HealthBar_Images/T_Health_6Bars.uasset" 748
"../../../../../../Users/ibrah/Documents/GitHub/HaloReach/Content/UI/HealthBar_Images/T_Health_5Bars.uasset" 749
"../../../../../../Users/ibrah/Documents/GitHub/HaloReach/Content/UI/HealthBar_Images/T_Health_4Bars.uasset" 750
"../../../../../../Users/ibrah/Documents/GitHub/HaloReach/Content/UI/HealthBar_Images/T_Health_3Bars.uasset" 751
"../../../../../../Users/ibrah/Documents/GitHub/HaloReach/Content/UI/HealthBar_Images/T_Health_2Bars.uasset" 752
"../../../../../../Users/ibrah/Documents/GitHub/HaloReach/Content/UI/HealthBar_Images/T_Health_1Bars.uasset" 753
"../../../../../../Users/ibrah/Documents/GitHub/HaloReach/Content/UI/HealthBar_Images/T_Health_0Bars_Empty.uasset" 754
"../../../../../../Users/ibrah/Documents/GitHub/HaloReach/Content/UI/HUD/WBP_HUDWidget.uasset" 755
"../../../../../../Users/ibrah/Documents/GitHub/HaloReach/Content/UI/Timer/WBP_RespawnTimer.uasset" 756
"../../../../../../Users/ibrah/Documents/GitHub/HaloReach/Content/UI/HUD/Death/WBP_DeathWidget.uasset" 757
"../../../../../../Users/ibrah/Documents/GitHub/HaloReach/Content/UI/HUD/BP_PlayerHUD.uasset" 758
"../../../../../../Users/ibrah/Documents/GitHub/HaloReach/Content/Game/BP_ReachGameState.uasset" 759
"../../../../../../Users/ibrah/Documents/GitHub/HaloReach/Content/Game/BP_ReachGameMode.uasset" 760
"../../../../../../Users/ibrah/Documents/GitHub/HaloReach/Content/Enviroment/Interactables/Pickups/BP_Magnum_Pickup.uasset" 761
"../../../../../../Users/ibrah/Documents/GitHub/HaloReach/Content/Helper_Packs/StarterContent/Textures/T_Spark_Core.uasset" 762
"../../../../../../Users/ibrah/Documents/GitHub/HaloReach/Content/Helper_Packs/StarterContent/Particles/Materials/M_Spark.uasset" 763
"../../../../../../Users/ibrah/Documents/GitHub/HaloReach/Content/Helper_Packs/StarterContent/Particles/P_Sparks.uasset" 764
"../../../../../../Users/ibrah/Documents/GitHub/HaloReach/Content/Helper_Packs/StarterContent/Particles/Materials/M_radial_ramp.uasset" 765
"../../../../../../Users/ibrah/Documents/GitHub/HaloReach/Content/Helper_Packs/StarterContent/Particles/Materials/m_flare_01.uasset" 766
"../../../../../../Users/ibrah/Documents/GitHub/HaloReach/Content/Helper_Packs/StarterContent/Textures/T_Explosion_SubUV.uasset" 767
"../../../../../../Users/ibrah/Documents/GitHub/HaloReach/Content/Helper_Packs/StarterContent/Particles/Materials/M_explosion_subUV.uasset" 768
"../../../../../../Users/ibrah/Documents/GitHub/HaloReach/Content/Helper_Packs/StarterContent/Textures/T_Burst_M.uasset" 769
"../../../../../../Users/ibrah/Documents/GitHub/HaloReach/Content/Helper_Packs/StarterContent/Particles/Materials/M_Burst.uasset" 770
"../../../../../../Users/ibrah/Documents/GitHub/HaloReach/Content/Helper_Packs/StarterContent/Particles/P_Explosion.uasset" 771
"../../../../../../Users/ibrah/Documents/GitHub/HaloReach/Content/Enviroment/Equipment/DMR/DMR_Skeleton.uasset" 772
"../../../../../../Users/ibrah/Documents/GitHub/HaloReach/Content/Enviroment/Equipment/DMR/DMR_PhysicsAsset.uasset" 773
"../../../../../../Users/ibrah/Documents/GitHub/HaloReach/Content/Enviroment/Equipment/DMR/Scope/DMR_Ready_DMR_Scope_Shader_Specular.uasset" 774
"../../../../../../Users/ibrah/Documents/GitHub/HaloReach/Content/Enviroment/Equipment/DMR/Scope/DMR_Ready_DMR_Scope_Shader_Roughness.uasset" 775
"../../../../../../Users/ibrah/Documents/GitHub/HaloReach/Content/Enviroment/Equipment/DMR/Scope/DMR_Ready_DMR_Scope_Shader_Normal.uasset" 776
"../../../../../../Users/ibrah/Documents/GitHub/HaloReach/Content/Enviroment/Equipment/DMR/Scope/DMR_Ready_DMR_Scope_Shader_Metallic.uasset" 777
"../../../../../../Users/ibrah/Documents/GitHub/HaloReach/Content/Enviroment/Equipment/DMR/Scope/DMR_Ready_DMR_Scope_Shader_Emissive.uasset" 778
"../../../../../../Users/ibrah/Documents/GitHub/HaloReach/Content/Enviroment/Equipment/DMR/Scope/DMR_Ready_DMR_Scope_Shader_BaseColor.uasset" 779
"../../../../../../Users/ibrah/Documents/GitHub/HaloReach/Content/Enviroment/Equipment/DMR/Scope/DMR_Ready_DMR_Scope_Shader_AO.uasset" 780
"../../../../../../Users/ibrah/Documents/GitHub/HaloReach/Content/Enviroment/Equipment/DMR/Scope/M_DMR_Scope.uasset" 781
"../../../../../../Users/ibrah/Documents/GitHub/HaloReach/Content/Enviroment/Equipment/DMR/Main/DMR_Ready_DMR_Gun_Shader_Specular.uasset" 782
"../../../../../../Users/ibrah/Documents/GitHub/HaloReach/Content/Enviroment/Equipment/DMR/Main/DMR_Ready_DMR_Gun_Shader_Roughness.uasset" 783
"../../../../../../Users/ibrah/Documents/GitHub/HaloReach/Content/Enviroment/Equipment/DMR/Main/DMR_Ready_DMR_Gun_Shader_Normal.uasset" 784
"../../../../../../Users/ibrah/Documents/GitHub/HaloReach/Content/Enviroment/Equipment/DMR/Main/DMR_Ready_DMR_Gun_Shader_Metallic.uasset" 785
"../../../../../../Users/ibrah/Documents/GitHub/HaloReach/Content/Enviroment/Equipment/DMR/Main/DMR_Ready_DMR_Gun_Shader_BaseColor.uasset" 786
"../../../../../../Users/ibrah/Documents/GitHub/HaloReach/Content/Enviroment/Equipment/DMR/Main/DMR_Ready_DMR_Gun_Shader_AO.uasset" 787
"../../../../../../Users/ibrah/Documents/GitHub/HaloReach/Content/Enviroment/Equipment/DMR/Main/M_DMR_Main.uasset" 788
"../../../../../../Users/ibrah/Documents/GitHub/HaloReach/Content/Enviroment/Equipment/DMR/Ammo/DMR_Ready_Ammo_Count_Shader_Roughness.uasset" 789
"../../../../../../Users/ibrah/Documents/GitHub/HaloReach/Content/Enviroment/Equipment/DMR/Ammo/DMR_Ready_Ammo_Count_Shader_Normal.uasset" 790
"../../../../../../Users/ibrah/Documents/GitHub/HaloReach/Content/Enviroment/Equipment/DMR/Ammo/DMR_Ready_Ammo_Count_Shader_Metallic.uasset" 791
"../../../../../../Users/ibrah/Documents/GitHub/HaloReach/Content/Enviroment/Equipment/DMR/Ammo/DMR_Ready_Ammo_Count_Shader_Emissive.uasset" 792
"../../../../../../Users/ibrah/Documents/GitHub/HaloReach/Content/Enviroment/Equipment/DMR/Ammo/DMR_Ready_Ammo_Count_Shader_BaseColor.uasset" 793
"../../../../../../Users/ibrah/Documents/GitHub/HaloReach/Content/Enviroment/Equipment/DMR/Ammo/DMR_Ready_Ammo_Count_Shader_AO.uasset" 794
"../../../../../../Users/ibrah/Documents/GitHub/HaloReach/Content/Enviroment/Equipment/DMR/Ammo/M_DMR_Ammo.uasset" 795
"../../../../../../Users/ibrah/Documents/GitHub/HaloReach/Content/Enviroment/Equipment/DMR/DMR.uasset" 796
"../../../../../../Users/ibrah/Documents/GitHub/HaloReach/Content/Enviroment/Interactables/BP_DMR.uasset" 797
"../../../../../../Users/ibrah/Documents/GitHub/HaloReach/Content/Enviroment/Interactables/Pickups/BP_DMR_Pickup.uasset" 798
"../../../../../../Users/ibrah/Documents/GitHub/HaloReach/Content/Enviroment/Interactables/Pickups/BP_ARPickup.uasset" 799
"../../../../../../Users/ibrah/Documents/GitHub/HaloReach/Content/Pelican.uasset" 800
"../../../../../../Users/ibrah/Documents/GitHub/HaloReach/Content/BP_PainVoume.uasset" 801
"../../../../../../Users/ibrah/Documents/GitHub/HaloReach/Content/Levels/The_Lab.umap" 802
"../../../Engine/Content/Maps/Entry_BuiltData.uasset" 803
"../../../Engine/Content/Maps/Entry.umap" 804
